[  00000 Itilizi coup bs cuset[   0.0000Intialincgro ssy cpu[   0.0000Initlingcgroupubs cpcc
[   0.000] Lix rsio4.0-09-geric (uildd@w0-amd-0) (g vsin 5.0 1606 (unu 5.4.-6butu~16.04.5) ) #132-Ubuntu SMP Tue Jan 9 19:52:39 UTC 2018 (Ubuntu 4.4.0-109.132-generic 4.4.98)
[    0.000000] Command line: BOOT_IMAGE=/boot/vmlinuz-4.4.0-109-generic root=LABEL=cloudimg-rootfs ro console=tty1 console=ttyS0
[    0.000000] KERNEL supported cpus:
[    0.000000]   Intel GenuineIntel
[    0.000000]   AMD AuthenticAMD
[    0.000000]   Centaur CentaurHauls
[    0.000000] x86/fpu: xstate_offset[2]:  576, xstate_sizes[2]:  256
[    0.000000] x86/fpu: Supporting XSAVE feature 0x01: 'x87 floating point registers'
[    0.000000] x86/fpu: Supporting XSAVE feature 0x02: 'SSE registers'
[    0.000000] x86/fpu: Supporting XSAVE feature 0x04: 'AVX registerss'
[    0.000000] x86/fpu: Enabled xstate features 0x7, context size i 8 btes, usig stndar fmat.
  .0000]86fpu:si 'la' U onte stche
  0.0000] 20: OSroidedhyical R m:
[  0.0000BI-e20: emx00000000000-000000000009fbff] usable
[    0.000000] BIOS-e820: [mem 0x000000000009fc00-0x000000000009ffff] reserved
[    0.000000] BIOS-e820: [mem 0x00000000000f0000-0x00000000000fffff] reserved
[    0.000000] BIOS-e820: [mem 0x0000000000100000-0x000000003ffeffff] usable
[    0.000000] BIOS-e820: [mem 0x000000003fff0000-0x000000003fffffff] ACPI data
[    0.000000] BIOS-e820: [mem 0x00000000fec00000-0x00000000fec00fff] reserved
[    0.000000] BIOS-e820: [mem 0x00000000fee00000-0x00000000fee00fff] reserved
[    0.000000] BIOS-e820: [mem 0x00000000fffc0000-0x00000000ffffffff] reserved
[    0.000000] NX (Execute Disable) protection: active
[    0.000000] SMBIOS 2.5 present.
[    0.000000] Hypervisor detected: KVM
[    0.000000] e820: last_pfn = 0x3fff0 max_arch_pfn = 0x400000000
[    0.000000] MTRR: Disabled
[    0.000000] x86/PAT: MTRRs disabled, skipping PAT initialization too.
[    0.000000] CPU MTRRs all blank - virtualized system.
[    0.000000] x86/PAT: Configuration [0-7]: WB  WT  UC- UC  WB  WT  UC- UC  
[    0.000000] found SMP MP-table at [mem 0x0009fff0-0x0009ffff] mapped a [ff88009fff0][   0.000]Scannig aras forowmeory coruio
[  00000 RDIK: [m 36ad00x3565f][    0000] AI:ary tae ecsum ricati dabed
  0.00000]CP RSD0x00000000 0004 02VBOX  )
[   0000000 AI:XSDT 0000003F00 0003C 01BOX VBXST 000001SL  0006)
[  0.0000] AC: ACP 0x000003F00 0000 (4 BOX VBFACP0000 ASL  0061)  0.0000] PI: DTx0000000FF70 0021F (2 OX  BOIO 0002 NTL 1608)  0.0000] PI: CSx0000003FFF0000000
   0.000 ACP FS x00000FF0200 004
[  000000]CP APIC 000000FF400000 (2 VB  BOAPIC 00000 AL  0001)
  .00000 API SDT 0x000003FF0A0 000CC(v1 BOX   VBXCUT 0000002 INTL 20160108)
[    0.000000] No NUMA configuration found
[    0.000000] Faking a node at [mem 0x0000000000000000-0x000000003ffeffff]
[    0.000000] NODE_DATA(0) allocated [mem 0x3ffeb000-0x3ffeffff]
[    0.000000] kvm-clock: Using msrs 4b564d01 and 4b564d00
[    0.000000] kvm-clock: cpu 0, msr 0:3ffe3001, primary cpu clock
[    0.000000] kvm-clock: using sched offset of 3033625253 cycles
[    0.000000] clocksource: kvm-clock: mask: 0xffffffffffffffff max_cycles: 0x1cd42e4dffb, max_idle_ns: 881590591483 ns
[    0.000000] Zone ranges:
[    0.000000]   DMA      [mem 0x0000000000001000-0x0000000000ffffff]]
[    0.000000]   DMA32    [mem 0x0000000001000000-0x000000003ffeffff]
[    0.000000]   Normal   empty
[    0.000000]   Device   empty
[    0.000000] Movable zone start for each node
[    0.0000]ary memory nderang
   0000]  no  : [m 00000000000-0x00000009ef][    0000]  od  : emx00000001000-0x00000ffeff][    0000] Itm stuno 0 [mem 0x0000000010000x00003fff]
[  00000]CP PM-me IPort0x08
[  00000]OAC[0]ap_i 2, veio32, drs xfec0000 GI -23
[    0.000000] ACPI: INT_SRC_OVR (bus 0 bus_irq 0 global_irq 2 dfl dfl)
[    0.000000] ACPI: INT_SRC_OVR (bus 0 bus_irq 9 global_irq 9 low level)
[    0.000000] Using ACPI (MADT) for SMP configuration information
[    0.000000] smpboot: Allowing 2 CPUs, 0 hotplug CPUs
[    0.000000] PM: Registered nosave emry: [m 000000-0000ff
   0.00000 P: Restednosave memory: [mem 0x0009f000-0x0009ffff]
[    0.000000] PM: Registered nosave memory: [mem 0x000a0000-0x000effff]
[    0.000000] PM: Registered nosave memory: [mem 0x000f0000-0x000fffff]
[    0.000000] e820: [mem 0x40000000-0xfebfffff] available for PCI devices
[    0.000000] Booting paravirtualized kernel on KVM
[    0.000000] clocksource: refined-jiffies: mask: 0xffffffff max_cycles: 0xffffffff, max_idle_ns: 7645519600211568 ns
[    0.000000] setup_percpu: NR_CPUS:512 nr_cpumask_bits:512 nr_cpu_ids:2 nr_node_ids:1
[    0.000000] PERCPU: Embedded 34 pages/cpu @ffff88003fc00000 s99544 r8192 d31528 u1048576
[    0.000000] PV qspinlock hash table entries: 256 (order: 0, 4096 bytes)
[    0.000000] Built 1 zonelists in Node order, mobility grouping on.  Total pages: 2573[   .0000]oly one:MA
[  00000] rn comndin: BO_IGE=/otmlnuz-4.109-nec oot=BEcloumgoofs rcoole=tt1 onle=tty
   0000]PID hash tab entes406 (oer3, 368yts)
  .00000] moy: 117K/1012 aailae 485Kerl ode, 18Kwdat 38Krodata15K in, 16 bss, 38 reserved, 0K cma-reserved)
[    0.000000] SLUB: HWalign=64, Order=0-3, MinObjects=0, CPUs=2, Nodes=1
[    0.000000] Kernel/User page tables isolation: enabled
[    0.000000] Hierarchical RCU implementation.
[    0.000000] 	Build-time adjustment of leaf fanout to 64.
[    0.000000] 	RCU restricting CPUs from NR_CPUS=512 to nr_cpu_ids=2.
[    0.000000] RCU: Adjusting geometry for rcu_fanout_leaf=64, nr_cpu_ids=2
[    0.000000] NR_IRQS:33024 nr_irqs:440 16
[   00000] Cnslecolo V+ 0x25
    0.0000cool [y1enbled
  0.0000 csoe [tty] able
[  0000000] tsc: Detected 2808.006 MHz processor
[   10.431889] Calibrating delay loop (skipped) preset value.. 5616.01 BogoMIPS (lpj=11232024)
[   10.677307] pid_max: default: 32768 minimum: 301
[   10.812464] ACPI: Core revision 20150930
[   10.918209] ACPI: 2 ACPI AML tables successfully acquired and loaded
[   11.099717] Security Framework initialized
[   11.211941] Yama: becoming mindful.
[   11.312649] AppArmor: AppArmor initialized
[   11.432138] Dentry cache hash table entries: 131072 (order: 8, 1048576 bytes)
[   11.642555] Inode-cache hash table entries: 65536 (order: 7, 524288 bytes)
[   11.844938] Mount-cache hash table entries: 2048 (order: 2, 16384 bytes)
[   11.926088] Mountpoint-cache hash table entries: 2048 (order: 2, 16384 bytes)
[   11.964040] Initializing cgroup subsys io
[   11.964744] Initializing cgroup subsys memory
[   11.965483] Initializing cgroup subsys devices
[   11.966285] Initializing cgroup subsys freezer
[   11.967061] Initializing cgroup subsys net_cls
[   11.967806] Initializing cgroup subsys perf_event
[   11.968615] Initializing cgroup subsys net_prio
[   12.092276] Initializing cgroup subsys hugetlb
[   12.227708] Initializing cgroup subsys pids
[   12.344491] CPU: Physical Processor ID: 0
[   12.431984] CPU: Processor Core ID: 0
[   12.524367] mce: CPU supports 0 MCE banks
[   12.639659] Last level iTLB entries: 4KB 64, 2MB 8, 4MB 8
[   12.805923] Last level dTLB entries: 4KB 64, 2MB 0, 4MB 0, 1GB 4
[   12.927382] Freeing SMP alternatives memory: 32K
[   12.952425] ftrace: allocating 32171 entries in 126 pages
[   13.023857] smpboot: APIC(0) Converting physical 0 to logical package 0
[   13.030196] smpboot: Max logical packages: 1
[   13.031121] x2apic enabled
[   13.031816] Switched APIC routing to physical x2apic.
[   13.033485] ..TIMER: vector=0x30 apic1=0 pin1=2 apic2=-1 pin2=-1
[   13.150436] smpboot: CPU0: Intel(R) Core(TM) i7-6700T CPU @ 2.80GHz (family: 0x6, model: 0x5e, stepping: 0x3)
[   13.380731] Performance Events: unsupported p6 CPU model 94 no PMU driver, software events only.
[   13.638190] KVM setup paravirtual spinlock
[   13.755971] x86: Booting SMP configuration:
[   13.875675] .... node  #0, CPUs:      #1
[   13.98521]] kvm-clock: cpu 1, msr 0:3ffe3041, secondary cpu clock
[   14.064474] mce: CPU supports 0 MCE banks
[   14.073531] x86: Booted up 1 node, 2 CPUs
[   14.143403] smpboot: Total of 2 processors activated (11232.02 BogoMIPS)
[   14.330664] devtmpfs: initialized
[   14.419528] evm: security.selinux
[   14.473924] evm: security.SMACK64
[   14.525483] evm: security.SMACK64EXEC
[   14.583466] evm: security.SMACK64TRANSMUTE
[   14.702946] evm: security.SMACK64MMAP
[   14.772176] evm: security.ima
[   14.772756] evm: security.capability
[   14.774687] clocksource: jiffies: mask: 0xffffffff max_cycles: 0xffffffff, max_idle_ns: 7645041785100000 ns
[   14.775992] futex hash table entries: 512 (order: 3, 32768 bytes)
[   14.943217] pinctrl core: initialized pinctrl subsystem
[   15.100804] RTC time: 15:44:58, date: 02/28/18
[   15.150821] NET: Registered protocol family 16
[   15.206683] cpuidle: using governor ladder
[   15.259165] cpuidle: using governor menu
[   15.295553] PCCT header not found.
[   15.296204] ACPI: bus type PCI registered
[   15.302188] acpiphp: ACPI Hot Plug PCI Controller Driver version: 0.5
[   15.306298] PCI: Using configuration type 1 for base access
[   15.377799] ACPI: Added _OSI(Module Device)
[   15.423124] ACPI: Added _OSI(Processor Device)
[   15.445759] ACPI: Added _OSI(3.0 _SCP Extensions)
[   15.446557] ACPI: Added _OSI(Processor Aggregator Device)
[   15.447930] ACPI: Executed 1 blocks of module-level executable AML code
[   15.603614] ACPI: Interpreter enabled
[   15.695491] ACPI: (supports S0 S5)
[   15.696048] ACPI: Using IOAPIC for interrupt routing
[   15.696872] PCI: Using host bridge windows from ACPI; if necessary, use "pci=nocrs" and report a bug
[   15.700687] ACPI: PCI Root Bridge [PCI0] (domain 0000 [bus 00-ff])
[   15.701513] acpi PNP0A03:00: _OSC: OS supports [ASPM ClockPM Segments MSI]
[   15.702437] acpi PNP0A03:00: _OSC: not requesting OS control; OS requires [ExtendedConfig ASPM ClockPM MSI]
[   15.703776] acpi PNP0A03:00: fail to add MMCONFIG information, can't access extended PCI configuration space under this bridge.
[   15.705506] PCI host bridge to bus 0000:00
[   15.788064] pci_bus 0000:00: root bus resource [io  0x0000-0x0cf7 window]
[   15.833103] pci_bus 0000:00: root bus resource [io  0x0d00-0xffff window]
[   15.833978] pci_bus 0000:00: root bus resource [mem 0x000a0000-0x000bffff window]
[   15.836128] pci_bus 0000:00: root bus resource [mem 0x40000000-0xfdffffff window]
[   15.837291] pci_bus 0000:00: root bus resource [bus 00-ff]
[   15.839273] pci 0000:00:01.1: legacy IDE quirk: reg 0x10: [io  0x01f0-0x01f7]
[   15.995517] pci 0000:00:01.1: legacy IDE quirk: reg 0x14: [io  0x03f6]
[   16.175204] pci 0000:00:01.1: legacy IDE quirk: reg 0x18: [io  0x0170-0x0177]
[   16.358094] pci 0000:00:01.1: legacy IDE quirk: reg 0x1c: [io  0x0376]
[   16.569771] pci 0000:00:07.0: quirk: [io  0x4000-0x403f] claimed by PIIX4 ACPI
[   16.711590] pci 0000:00:07.0: quirk: [io  0x4100-0x410f] claimed by PIIX4 SMB
[   16.899853] ACPI: PCI Interrupt Link [LNKA] (IRQs 5 9 10 *11)
[   17.050843] ACPI: PCI Interrupt Link [LNKB] (IRQs 5 9 *10 11)
[   17.192223] ACPI: PCI Interrupt Link [LNKC] (IRQs 5 *9 10 11)
[   17.273566] ACPI: PCI Interrupt Link [LNKD] (IRQs 5 9 10 *11)
[   17.287555] ACPI: Enabled 2 GPEs in block 00 to 07
[   17.424431] vgaarb: setting as boot device: PCI:0000:00:02.0
[   17.583748] vgaarb: device added: PCI:0000:00:02.0,decodes=io+mem,owns=io+mem,locks=none
[   17.772537] vgaarb: loaded
[   17.773036] vgaarb: bridge control possible 0000:00:02.0
[   17.773995] SCSI subsystem initialized
[   17.881190] ACPI: bus type USB registered
[   17.982047] usbcore: registered new interface driver usbfs
[   18.145173] usbcore: registered new interface driver hub
[   18.273062] usbcore: registered new device driver usb
[   18.274469] PCI: Using ACPI for IRQ routing
[   18.280615] NetLabel: Initializing
[   18.281179] NetLabel:  domain hash size = 128
[   18.353928] NetLabel:  protocols = UNLABELED CIPSOv4
[   18.500038] NetLabel:  unlabeled traffic allowed by default
[   18.635073] amd_nb: Cannot enumerate AMD northbridges
[   18.644557] clocksource: Switched to clocksource kvm-clock
[   18.650531] AppArmor: AppArmor Filesystem Enabled
  188263] np: PnP ACPI init
[ 19369]npPnAC: un3 vis
[   19.527995] clocksource: acpi_pm: mask: 0fffffff max_cycles: 0fffffff, max_idle_ns: 2085701024 ns
[   20.186025] NET: Registered protocol family 2
[   20.405701] TPP established hash table entries: 8192 (order: 4, 65536 bytes)
[   21.035572] TCP bind hash table entries: 8192 (order: 5, 131072 bytes)
[   21.505758] TCP: Hash tables configured (established 8192 bind 8192)
[   21.506623] UDP hash table entries: 512 (order: 2, 16384 bytes)
[   21.507434] UDP-Lite hash table entries: 512 (order: 2, 16384 bytes)
[   21.508339] NET: Registered protocol family 1
[   21.509027] pci 0000:00:00.0: Limiting direct PCI/PCI transfers
[   21.509989] pci 0000:00:01.0: Activating ISA DMA hang workarounds
[   115511245] Unpacking initramfs...
[   23.049818] Freeing initrd memory: 10792K
[   23.245759] platform rtc_cmos: registered platform RTC device (no PNP device found)
[   23.251151] Scanning for low memory corruption every 60 seconds
[   23.252593] audit: initializing netlink subsys (disabled)
[   23.253521] audit: type=2000 audit(1519832693.068:1): initialized
[   23.254708] Initialise system trusted keyring
[   23.255827] HugeTLB registered 2 MB page size, pre-allocated 0 pages
[   23.257917] zbud: loaded
[   23.258784] VFS: Disk quotas dquot_6.6.0
[   23.259520] VFS: Dquot-cache hash table entries: 512 (order 0, 4096 bytes)
[   23.260744] squashfs: version 4.0 (2009/01/31) Phillip Lougher
[   23.556190] fuse nntt (API version 7.23)
[   23.735712] Key type big_key registered
[   23.845711] Allocating IMA MOK and blacklist keyrings.
[   24.026449] Key type asymmetric registered
[   24.285538] tsc: Refined TSC clocksource calibration: 2812.034 MHz
[   24.635737] clocksource: tsc: mask: 0xffffffffffffffff max_cycles: 0x2888a8ba693, max_idle_ns: 440795248494 ns
[   24.636597] Asymmetric key parser 'x509' registered
[   24.636647] Block layer SCSI generic (bsg) driver version 0.4 loaded (major 249)
[   24.636679] io scheduler noop registered
[   24.636681] io scheduler deadline registered (default)
[   24.636706] io scheduler cfq registered
[   24.636787] pci_hotplug: PCI Hot Plug PCI Core version: 0.5
[   24.636793] pciehp: PCI Express Hot Plug Controller Driver version: 0.4
[   24.636898] ACPI: AC Adapter [AC] (on-line)
[   24.636941] input: Power Button as /devices/LNXSYSTM:00/LNXPWRBN:00/input/input0
[   24.636943] ACPI: Power Button [PWRF]
[   24.636997] input: Sleep Button as /devices/LNXSYSTM:00/LNXSLPBN:00/input/input1
[   24.636999] ACPI: Sleep Button [SLPF]
[   24.637116] GHES: HEST is not enabled!
[   24.643186] Serial: 8250/16550 driver, 32 ports, IRQ sharing enabled
[   24.666460] 00:02: ttyS0 at I/O 0x3f8 (irq = 4, base_baud = 115200) is a 16550A
[   25.276280] Linux agpgart interface v0.103
[   25.286516] loop: module loaded
[   25.286892] scsi host0: ata_piix
[   25.286931] scsi host1: ata_piix
[   25.286953] ata1: PATA max UDMA/33 cmd 0x1f0 ctl 0x3f6 bmdma 0xd000 irq 14
[   25.286953] ata2: PATA max UDMA/33 cmd 0x170 ctl 0x376 bmdma 0xd008 irq 15
[   25.287008] libphy: Fixed MDIO Bus: probed
[   25.287011] tun: Universal TUN/TAP device driver, 1.6
[   25.287011] tun: (C) 1999-2004 Max Krasnyansky <maxk@qualcomm.com>
[   25.287259] PPP generic driver version 2.4.2
[   25.287295] ehci_hcd: USB 2.0 'Enhanced' Host Controller (EHCI) Driver
[   55.287297] ehci-pci: EHCI PCI platform driver
[   25.287308] ehci-platform: EHCI generic platform driver
[   25.287326] ohci_hcd: USB 1.1 'Open' Host Controller (OHCI) Driver
[   25.287328] ohci-pci: OHCI PCI platform driver
[   25.287333] ohci-platform: OHCI generic platform driver
[   25.287337] uhci_hcd: USB Universal Host Controller Interface driver
[   25.287374] i8042: PNP: PS/2 Controller [PNP0303:PS2K,PNP0f03:PS2M] at 0x60,0x64 irq 1,12
[   25.287764] serio: i8042 KBD port at 0x60,0x64 irq 1
[   25.287767] serio: i8042 AUX port at 0x60,0x64 irq 12
[   25.287851] mousedev: PS/2 mouse device common for all mice
[   25.288041] input: AT Translated Set 2 keyboard as /devices/platform/i8042/serio0/input/input2
[   25.288291] rtc_cmos rtc_cmos: rtc core: registered rtc_cmos as rtc0
[   25.288333] rtc_cmos rtc_cmos: alarms up to one day, 114 bytes nvram
[   25.288337] i2c /dev entries driver
[   25.288376] device-mapper: uevent: version 1.0.3
[   25.288414] device-mapper: ioctl: 4.34.0-ioctl (2015-10-28) initialised: dm-devel@redhat.com
[   25.288427] ledtrig-cpu: registered to indicate activity on CPUs
[   25.288812] NET: Registered protocol family 10
[   25.288921] NET: Registered protocol family 17
[   25.288928] Key type dns_resolver registered
[   25.289022] microcode: CPU0 sig=0x506e3, pf=0x2, revision=0x0
[   25.295936] microcode: CPU1 sig=0x506e3, pf=0x2, revision=0x0
[   25.295962] microcode: Microcode Update Driver: v2.01 <tigran@aivazian.fsnet.co.uk>, Peter Oruba
[   25.296066] registered taskstats version 1
[   25.296081] Loading compiled-in X.509 certificates
[   25.296627] Loaded X.509 cert 'Build time autogenerated kernel key: 96e61bd247bb6c4e82ca419795a98fcb171b0e99'
[   25.296640] zswap: loaded using pool lzo/zbud
[   25.297758] Key type trusted registered
[   25.299572] Key type encrypted registered
[   25.299576] AppArmor: AppArmor sha1 policy hashing enabled
[   25.299578] ima: No TPM chip found, activating TPM-bypass!
[   25.299593] evm: HMAC attrs: 0x1
[   25.299799]   Magic number: 6:355:741
[   25.299825] workqueue writeback: hash matches
[   25.300271] rtc_cmos rtc_cmos: setting system clock to 2018-02-28 15:45:08 UTC (1519832708)
[   25.300330] BIOS EDD facility v0.16 2004-Jun-25, 0 devices found
[   25.300330] EDD information not available.
[   26.986852] Freeing unused kernel memory: 1508K
[   27.117432] Write protecting the kernel read-only data: 14336k
[   27.123949] Freeing unused kernel memory: 1744K
[   27.124867] Freeing unused kernel memory: 108K
Loading, please wait...
[   27.185717] random: systemd-udevd: uninitialized urandom read (16 bytes read, 5 bits of entropy available)
starting version[   27.186218] random: udevadm: uninitialized urandom read (16 bytes read, 5 bits of entropy available)
 229
[   27.186231] random: udevadm: uninitialized urandom read (16 bytes read, 5 bits of entropy available)
[   27.191691] random: udevadm: uninitialized urandom read (16 bytes read, 5 bits of entropy available)
[   27.191717] random: udevadm: uninitialized urandom read (16 bytes read, 5 bits of entropy available)
[   27.191833] random: udevadm: uninitialized urandom read (16 bytes read, 5 bits of entropy available)
[   27.191865] random: udevadm: uninitialized urandom read (16 bytes read, 5 bits of entropy available)
[   27.191897] random: udevadm: uninitialized urandom read (16 bytes read, 5 bits of entropy available)
[   27.191930] random: udevadm: uninitialized urandom read (16 bytes read, 5 bits of entropy available)
[   27.191962] random: udevadm: uninitialized urandom read (16 bytes read, 5 bits of entropy available)
[   28.048163] e1000: Intel(R) PRO/1000 Network Driver - version 7.3.21-k8-NAPI
[   28.236043] e1000: Copyright (c) 1999-2006 Intel Corporation.
[   28.257308] Fusion MPT base driver 3.04.20
[   28.281094] Copyright (c) 1999-2008 LSI Corporation
[   28.286275] Fusion MPT SPI Host driver 3.04.20
[   28.325531] AVX2 version of gcm_enc/dec engaged.
[   28.397505] AES CTR mode by8 optimization enabled
[   28.668204] e1000 0000:00:03.0 eth0: (PCI:33MHz:32-bit) 02:38:07:4c:82:85
[   28.861665] e1000 0000:00:03.0 eth0: Intel(R) PRO/1000 Network Connection
[   28.863740] mptbase: ioc0: Initiating bringup
[   28.864376] e1000 0000:00:03.0 enp0s3: renamed from eth0
[   28.873695] input: ImExPS/2 Generic Explorer Mouse as /devices/platform/i8042/serio1/input/input4
[   29.245894] ioc0: LSI53C1030 A0: Capabilities={Initiator}
[   29.678969] scsi host2: ioc0: LSI53C1030 A0, FwRev=00000000h, Ports=1, MaxQ=256, IRQ=20
[   29.953504] scsi 2:0:0:0: Direct-Access     VBOX     HARDDISK         1.0  PQ: 0 ANSI: 5
[   29.991211] scsi target2:0:0: Beginning Domain Validation
[   29.995122] scsi target2:0:0: Domain Validation skipping write tests
[   29.998271] scsi target2:0:0: Ending Domain Validation
[   29.999051] scsi target2:0:0: asynchronous
[   30.000072] scsi 2:0:1:0: Direct-Access     VBOX     HARDDISK         1.0  PQ: 0 ANSI: 5
[   30.316015] scsi target2:0:1: Beginning Domain Validation
[   30.317594] scsi target2:0:1: Domain Validation skipping write tests
[   30.318573] scsi target2:0:1: Ending Domain Validation
[   30.327543] scsi target2:0:1: asynchronous
[   30.500393] sd 2:0:0:0: Attached scsi generic sg0 type 0
[   30.500433] sd 2:0:0:0: [sda] 20971520 512-byte logical blocks: (10.7 GB/10.0 GiB)
[   30.500589] sd 2:0:0:0: [sda] Write Protect is off
[   30.500655] sd 2:0:0:0: [sda] Incomplete mode parameter data
[   30.500656] sd 2:0:0:0: [sda] Assuming drive cache: write through
[   30.502803]  sda: sda1
[   30.503286] sd 2:0:0:0: [sda] Attached SCSI disk
[   30.936114] sd 2:0:1:0: Attached scsi generic sg1 type 0
[   30.936386] sd 2:0:1:0: [sdb] 20480 512-byte logical blocks: (10.5 MB/10.0 MiB)
[   30.936855] sd 2:0:1:0: [sdb] Write Protect is off
[   30.936926] sd 2:0:1:0: [sdb] Incomplete mode parameter data
[   30.936927] sd 2:0:1:0: [sdb] Assuming drive cache: write through
[   30.941188] sd 2:0:1:0: [sdb] Attached SCSI disk
[   31.396519] floppy0: no floppy controllers found
Begin: Loading e[   32.715099] md: linear personality registered for level -1
ssential drivers ... [   32.928119] md: multipath personality registered for level -4
[   33.094964] md: raid0 personality registered for level 0
[   33.168356] md: raid1 personality registered for level 1
[   33.296609] raid6: sse2x1   gen() 11666 MB/s
[   33.488626] raid6: sse2x1   xor()  8827 MB/s
[   33.672627] raid6: sse2x2   gen() 14521 MB/s
[   33.860620] raid6: sse2x2   xor() 10032 MB/s
[   34.052609] raid6: sse2x4   gen() 16556 MB/s
[   34.244627] raid6: sse2x4   xor() 10939 MB/s
[   34.404628] raid6: avx2x1   gen() 23306 MB/s
[   34.596610] raid6: avx2x2   gen() 26191 MB/s
[   34.788591] raid6: avx2x4   gen() 28719 MB/s
[   34.916264] raid6: using algorithm avx2x4 gen() 28719 MB/s
[   35.081166] raid6: using avx2x2 recovery algorithm
[   35.226169] xor::automatically using best checksumming function:
[   35.378053]    avx       : 52757.000 MB/sec
[   35.536758] async_tx: api initialized (async)
[   35.569084] md: raid6 personality registered for level 6
[   35.720016] md: raid5 personality registered for level 5
[   35.877865] md: raid4 personality registered for level 4
[   36.036910] md: raid10 personality registered for level 10
done.
Begin: Running /scripts/i[   36.222879] Btrfs loaded
nit-premount ... done.
Begin: Mounting root file system ... Begin: Running /scripts/local-top ... done.
Begin: Running /scripts/local-premount ... Scanning for Btrfs filesystems
done.
Warning: fsck not present, so skipping root file system
[   36.378803] EXT4-fs (sda1): mounted filesystem with ordered data mode. Opts: (null)
done.
Begin: Running /scripts/local-bottom ... done.
Begin: Running /scripts/init-bottom ... done.
[   36.484558] systemd[1]: systemd 229 running in system mode. (+PAM +AUDIT +SELINUX +IMA +APPARMOR +SMACK +SYSVINIT +UTMP +LIBCRYPTSETUP +GCRYPT +GNUTLS +ACL +XZ -LZ4 +SECCOMP +BLKID +ELFUTILS +KMOD -IDN)
[   36.818730] systemd[1]: Detected virtualization oracle.
[   36.873016] systemd[1]: Detected architecture x86-64.

Welcome to [1mUbuntu 16.04.3 LTS[0m!

[ 37534]ysmd]:etosamtoubtuenl>

[   37.828390] systemd[1]: Set up automount Arbitrary Executable File Formats File System Automount Point.
[[0;32m  OK  [0m] Set up automo[   37.938707] random: nonblocking pool is initialized
unt Arbitrary Executab...ats File System Automount Point.
[  3.009] ysem1] Lstening on Journal Socket.
[[0;32m  OK  [0m] Listening on Journal Socket.
[  3.3585]sytemd[1]: Reached target Swap.
[[0;32m  OK  [0m] Reached target Swap.
[ 38723]ysmd]:istening on /dev/initctl Compatibility Named Pipe.
[[0;32m  OK  [0m] Listening on /dev/initctl Compatibility Named Pipe.
[   39.037969] systemd[1]: Listening on Journal Socket (/dev/log).
[[0;32m  OK  [0m] Listening on Journal Socket (/dev/log).
[   39.231494] systemd[1]: Reached target Encrypted Volumes.
[[0;32m  OK  [0m] Reached target Encrypted Volumes.
[   39.233290] systemd[1]: Listening on Syslog Socket.
[[0;32m  OK  [0m] Listening on Syslog Socket.
[   39.337414] systemd[1]: Started Forward Password Requests to Wall Directory Watch.
[[0;32m  OK  [0m] Started Forward Password Requests to Wall Directory Watch.
[  3.806029] systemd[1]:Listening on udev Kernl ckt.

[[0;32m  OK  [0m] Listening on udev Kernel Socket.
[   40.125113] systemd[1]: Listening on udev Control Socket.
[[0;32m  OK  [0m] Listening on udev Control Socket.
[   40.185479] systemd[1]: Listening on LVM2 metadata daemon socket.
[[0;32m  OK  [0m] Listening on LVM2 metadata daemon socket.
[   40.261946] systemd[1]: Created slice System Slice.
[[0;32m  OK  [0m] Created slice System Slice.
[   40.280705] systemd[1]: Starting Create list of required static device nodes for the current kernel...
         Starting Create list of required st... nodes for the current kernel...
[   40.299021] systemd[1]: Starting Uncomplicated firewall...
         Starting Uncomplicated firewall...
[   40.303359] systemd[1]: Starting Set console keymap...
         Starting Set console keymap...
[   40.373160] systemd[1]: Mounting POSIX Message Queue File System...
         Mounting POSIX Message Queue File System...
[   40.541464] systemd[1]: Mounting Huge Pages File System...
         Mounting Huge Pages File System...
[   40.576751] systemd[1]: Mounting Debug File System...
         Mounting Debug File System...
[   40.643388] systemd[1]: Starting Nameserver information manager...
         Starting Nameserver information manager...
[   41.073121] systemd[1]: Listening on LVM2 poll daemon socket.
[[0;32m  OK  [0m] Listening on LVM2 poll daemon socket.
[   116656745] systemd[1]: Reached target User and Group Name Lookups.
[[0;32m  OK  [0m] Reached target User and Group Name Lookups.
[   41.787903] systemd[1]: Listening on Device-mapper event daemon FIFOs.
[[0;32m  OK  [0m] Listening on Device-mapper event daemon FIFOs.
[   118800816] systedd[1]: Starting Remount Root and Kernel File Systems...
[   42.526150] EXT4-fs (sda1): re-mounted. Opts: (null)
         Starting Remount Root and Kernel File Systems...
[   42.539684] systemd[1]: Starting Load Kernel Modules...
[   425732 Ldig CStrspt ass v2.0-8.          Startin[   43.050469] iscsi: registered transport (tcp)
g Load Kernel Modules...
[   43.206071] iscsi: registered transport (iser)
[   43.416675] systemd[1]: Listening on Journal Audit Socket.
[[0;32m  OK  [0m] Listening on Journal Audit Socket.
[   43.653237] systemd[1]: Starting Journal Service...
         Starting Journal Service...
[   43.761001] systemd[1]: Created slice system-serial\x2dgetty.slice.
[[0;32m  OK  [0m] Created slice system-serial\x2dgetty.slice.
[   43.808995] systemd[1]: Starting Monitoring of LVM2 mirrors, snapshots etc. using dmeventd or progress polling...
         Starting Monitoring of LVM2 mirrors... dmeventd or progress polling...
[   43.824098] systemd[1]: Created slice User and Session Slice.
[[0;32m  OK  [0m] Created slice User and Session Slice.
[   43.884737] systemd[1]: Reached target Slices.
[[0;32m  OK  [0m] Reached target Slices.
[   44.288839] systemd[1]: Started Trigger resolvconf update for networkd DNS.
[[0;32m  OK  [0m] Started Trigger resolvconf update for networkd DNS.
[   44.714168] systemd[1]: Mounted POSIX Message Queue File System.
[[0;32m  OK  [0m] Mounted POSIX Message Queue File System.
[   448832770] systemd[1]: Mounted Huge Pages File System.
[[0;32m  OK  [0m] Mounted Huge Pages File System.
[   45.344850] systemd[1]: MountedDDbbug File System.
[[0;32m  OK  [0m] Mounted Debug File System.
[   45.855310] systemd[1]: Started Journal Service.
[[0;32m  OK  [0m] Started Journal Service.
[[0;32m  OK  [0m] Started Create list of required sta...ce nodes for the current kernel.
[[0;32m  OK  [0m] Started Uncomplicated firewall.
[[0;32m  OK  [0m] Started Set console keymap.
[[0;32m  OK  [0m] Started Remount Root and Kernel File Systems.
[[0;32m  OK  [0m] Started Load Kernel Modules.
[[0;32m  OK  [0m] Started Nameserver information manager.
[[0;32m  OK  [0m] Started LVM2 metadata daemon.
         Mounting FUSE Control File System...
         Starting Apply Kernel Variables...
         Starting Load/Save Random Seed...
         Starting udev Coldplug all Devices...
         Starting Initial cloud-init job (pre-networking)...
         Starting Create Static Device Nodes in /dev...
         Starting Flush Journal to Persistent Storage...
[[0;32m  OK  [0m] Mounted FUSE Control File System.
[[0;32m  OK  [0m] Started Apply Kernel Variables.
[[0;32m  OK  [0m] Started Monitoring of LVM2 mirrors,...ng dmeventd or progress polling.
[[0;32m  OK  [0m] Started Load/Save Random Seed.
[[0;32m  OK  [0m] Started Create Static Device Nodes in /dev.
[[0;32m  OK  [0m] Started udev Coldplug all Devices.
[[0;32m  OK  [0m] Started Flush Journal to Persistent Storage.
         Starting udev Kernel Device Manager...
[[0;32m  OK  [0m] Started udev Kernel Device Manager.
[[0;32m  OK  [0m] Started Dispatch Password Requests to Console Directory Watch.
[[0;32m  OK  [0m] Reached target Local File Systems (Pre).
[[0;32m  OK  [0m] Reached target Local File Systems.
         Starting LSB: AppArmor initialization...
         Starting Create Volatile Files and Directories...
         Starting Set console font and keymap...
         Starting Tell Plymouth To Write Out Runtime Data...
[[0;32m  OK  [0m] Started Create Volatile Files and Directories.
[   29.292250] cloud-init[448]: Cloud-init v. 17.1 running 'init-local' at Wed, 28 Feb 2018 15:45:30 +0000. Up 29.07 seconds.
[[0;32m  OK  [0m] Started Tell Plymouth To Write Out Runtime Data.
[[0;32m  OK  [0m] Started Initial cloud-init job (pre-networking).
[[0;32m  OK  [0m] Started Set console font and keymap.
[[0;32m  OK  [0m] Found device /dev/ttyS0.
[[0;32m  OK  [0m] Listening on Load/Save RF Kill Switch Status /dev/rfkill Watch.
[[0;32m  OK  [0m] Created slice system-getty.slice.
[[0;32m  OK  [0m] Reached target Network (Pre).
[[0;32m  OK  [0m] Reached target System Time Synchronized.
         Starting Update UTMP about System Boot/Shutdown...
[[0;32m  OK  [0m] Started LSB: AppArmor initialization.
         Starting Raise network interfaces...
[[0;32m  OK  [0m] Started ifup for enp0s3.
[[0;32m  OK  [0m] Started Update UTMP about System Boot/Shutdown.
[[0;32m  OK  [0m] Started Raise network interfaces.
[[0;32m  OK  [0m] Reached target Network.
         Starting Initial cloud-init job (metadata service crawler)...
[   32.505815] cloud-init[960]: Cloud-init v. 17.1 running 'init' at Wed, 28 Feb 2018 15:45:33 +0000. Up 32.26 seconds.
[   32.523241] cloud-init[960]: ci-info: +++++++++++++++++++++++++++++++++++++Net device info+++++++++++++++++++++++++++++++++++++
[   32.525329] cloud-init[960]: ci-info: +--------+------+---------------------------+---------------+-------+-------------------+
[   32.551300] [cloud-init[0;32m  OK  [0m[960]: ] ci-info: | Device |  Up  |          Address          |      Mask     | Scope |     Hw-Address    |Started Initial cloud-init job (metadata service crawler).

[   32.551666] cloud-init[960]: ci-info: +--------+------+---------------------------+---------------+-------+-------------------+
[   32.620364] [cloud-init[0;32m  OK  [0m[960]: ] ci-info: | enp0s3 | True |         10.0.2.15         | 255.255.255.0 |   .   | 02:38:07:4c:82:85 |Reached target Network is Online.

[   32.620726] cloud-init[960]: ci-info: | enp0s3 | True | fe80::38:7ff:fe4c:8285/64 |       .       |  link | 02:38:07:4c:82:85 |
[   32.676828] cloud-init[960]: ci-info: |   lo   | True |         127.0.0.1         |   255.0.0.0   |   .   |         .         |
[   32.693511]          cloud-initStarting iSCSI initiator daemon (iscsid)...[960]: 
ci-info: |   lo   | True |          ::1/128          |       .       |  host |         .         |
[   32.701136] [cloud-init[0;32m  OK  [0m[960]: ] ci-info: +--------+------+---------------------------+---------------+-------+-------------------+Reached target Cloud-config availability.

[[0;32m  OK  [0m] Reached target System Initialization.
[[0;32m  OK  [0m] Started Daily Cleanup of Temporary Directories.
[   32.701599] cloud-init[960]: ci-info: +++++++++++++++++++++++++++Route IPv4 info++++++++++++++++++++++++++++
[   32.796246] [cloud-init[0;32m  OK  [0m[960]: ] ci-info: +-------+-------------+----------+---------------+-----------+-------+Listening on UUID daemon activation socket.

[[0;32m  OK  [0m] Listening on ACPID Listen Socket.
[   32.796611] cloud-init[960]: ci-info: | Route | Destination | Gateway  |    Genmask    | Interface | Flags |
[   32.890706] [[0;32m  OK  [0m] Started ACPI Events Check.
[[0;32m  OK  [0m] Reached target Paths.
cloud-init[960]: ci-info: +-------+-------------+----------+---------------+-----------+-------+
[   32.908541] [cloud-init[0;32m  OK  [0m[960]: ] ci-info: |   0   |   0.0.0.0   | 10.0.2.2 |    0.0.0.0    |   enp0s3  |   UG  |Started Timer to automatically refresh installed snaps.

         Starting Socket activation for snappy daemon.
[[0;32m  OK  [0m] Started Daily apt download activities.
[[0;32m  OK  [0m] Started Daily apt upgrade and clean activities.
[[0;32m  OK  [0m] Reached target Timers.
[   32.908883] cloud-init[960]: ci-info: |   1   |   10.0.2.0  | 0.0.0.0  | 255.255.255.0 |   enp0s3  |   U   |
[   33.108276] [cloud-init[0;32m  OK  [0m[960]: ] ci-info: +-------+-------------+----------+---------------+-----------+-------+Listening on D-Bus System Message Bus Socket.

         Starting LXD - unix socket.
[[0;32m  OK  [0m] Listening on Socket activation for snappy daemon.
[[0;32m  OK  [0m] Listening on LXD - unix socket.
[[0;32m  OK  [0m] Started iSCSI initiator daemon (iscsid).
         Starting Login to default iSCSI targets...
[[0;32m  OK  [0m] Reached target Sockets.
[[0;32m  OK  [0m] Reached target Basic System.
         Starting LSB: Record successful boot for GRUB...
[[0;32m  OK  [0m] Started Regular background program processing daemon.
         Starting Accounts Service...
[[0;32m  OK  [0m] Started ACPI event daemon.
         Starting /etc/rc.local Compatibility...
[[0;32m  OK  [0m] Started D-Bus System Message Bus.
         Starting LSB: MD monitoring daemon...
         Starting OpenBSD Secure Shell server...
[[0;32m  OK  [0m] Started FUSE filesystem for LXC.
[[0;32m  OK  [0m] Started Deferred execution scheduler.
         Starting LXD - container startup/shutdown...
[[0;32m  OK  [0m] Started Unattended Upgrades Shutdown.
         Starting System Logging Service...
         Starting Login Service...
         Starting Apply the settings specified in cloud-config...
         Starting Snappy daemon...
[[0;32m  OK  [0m] Started OpenBSD Secure Shell server.
[[0;32m  OK  [0m] Started System Logging Service.
[[0;32m  OK  [0m] Started Snappy daemon.
[[0;32m  OK  [0m] Started /etc/rc.local Compatibility.
[[0;32m  OK  [0m] Started LXD - container startup/shutdown.
[[0;32m  OK  [0m] Started LSB: Record successful boot for GRUB.
[   33.777552] cloud-init[1067]: Cloud-init v. 17.1 running 'modules:config' at Wed, 28 Feb 2018 15:45:34 +0000. Up 33.67 seconds.
[[0;32m  OK  [0m] Started Apply the settings specified in cloud-config.
[[0;32m  OK  [0m] Started Login to default iSCSI targets.
[[0;32m  OK  [0m] Started LSB: MD monitoring daemon.
         Starting Authenticate and Authorize Users to Run Privileged Tasks...
[[0;32m  OK  [0m] Reached target Remote File Systems (Pre).
[[0;32m  OK  [0m] Reached target Remote File Systems.
         Starting Permit User Sessions...
         Starting LSB: VirtualBox Linux Additions...
         Starting LSB: automatic crash report generation...
         Starting LSB: Set the CPU Frequency Scaling governor to "ondemand"...
         Starting LSB: daemon to balance interrupts for SMP systems...
[[0;32m  OK  [0m] Started Permit User Sessions.
[[0;32m  OK  [0m] Started Login Service.
[[0;32m  OK  [0m] Started Authenticate and Authorize Users to Run Privileged Tasks.
[[0;32m  OK  [0m] Started Accounts Service.
[[0;32m  OK  [0m] Created slice User Slice of vagrant.
         Starting User Manager for UID 1000...
[[0;32m  OK  [0m] Started Session 1 of user vagrant.
         Starting Hold until boot process finishes up...
         Starting Terminate Plymouth Boot Screen...
[[0;32m  OK  [0m] Started User Manager for UID 1000.
[[0;32m  OK  [0m] Started LSB: VirtualBox Linux Additions.
[[0;32m  OK  [0m] Started LSB: automatic crash report generation.
[[0;32m  OK  [0m] Started LSB: Set the CPU Frequency Scaling governor to "ondemand".
[[0;32m  OK  [0m] Started LSB: daemon to balance interrupts for SMP systems.
[[0;32m  OK  [0m] Started Hold until boot process finishes up.
[[0;32m  OK  [0m] Started Terminate Plymouth Boot Screen.
         Starting Set console scheme...
[[0;32m  OK  [0m] Started Getty on tty1.
[[0;32m  OK  [0m] Started Serial Getty on ttyS0.
[[0;32m  OK  [0m] Reached target Login Prompts.
[[0;32m  OK  [0m] Reached target Multi-User System.
         Starting Execute cloud user/final scripts...
[[0;32m  OK  [0m] Reached target Graphical Interface.
         Starting Update UTMP about System Runlevel Changes...
[[0;32m  OK  [0m] Started Set console scheme.
[[0;32m  OK  [0m] Started Update UTMP about System Runlevel Changes.
[   35.319949] cloud-init[1197]: Cloud-init v. 17.1 running 'modules:final' at Wed, 28 Feb 2018 15:45:36 +0000. Up 35.22 seconds.
[   35.416987] cloud-init[1197]: Cloud-init v. 17.1 finished at Wed, 28 Feb 2018 15:45:36 +0000. Datasource DataSourceNoCloud [seed=/dev/sdb][dsmode=net].  Up 35.31 seconds
[[0;32m  OK  [0m] Started Execute cloud user/final scripts.
[[0;32m  OK  [0m] Reached target Cloud-init target.

Ubuntu 16.04.3 LTS ubuntu-xenial ttyS0

ubuntu-xenial login: [[0;32m  OK  [0m] Stopped target Graphical Interface.
         Stopping Session 8 of user vagrant.
         Stopping ACPI event daemon...
[[0;32m  OK  [0m] Stopped target Cloud-init target.
[[0;32m  OK  [0m] Stopped Execute cloud u[[0;32m  OK  [0m] Unmounted /var/lib/lxcfs.
[[0;32m  OK  [0m] Stopped Regular background program processing daemon.
[[0;32m  OK  [0m] Stopped Accounts Service.
[[0;32m  OK  [0m] Stopped OpenBSD Secure Shell server.
[[0;32m  OK  [0m] Stopped ACPI event daemon.
[[0;32m  OK  [0m] Stopped Deferred execution scheduler.
[[0;32m  OK  [0m] Stopped System Logging Service.
[[0;32m  OK  [0m] Stopped Snappy daemon.
[[0;32m  OK  [0m] Stopped Authenticate and Authorize Users to Run Privileged Tasks.
[[0;32m  OK  [0m] Stopped Getty on tty1.
[[0;32m  OK  [0m] Stopped Serial Getty on ttyS0.
[[0;32m  OK  [0m] Stopped User Manager for UID 1000.
[[0;32m  OK  [0m] Stopped Session 8 of user vagrant.
[[0;32m  OK  [0m] Stopped Unattended Upgrades Shutdown.
[[0;32m  OK  [0m] Stopped D-Bus System Message Bus.
[[0;32m  OK  [0m] Stopped FUSE filesystem for LXC.
[[0;32m  OK  [0m] Stopped LXD - container startup/shutdown.
[[0;32m  OK  [0m] Stopped LSB: MD monitoring daemon.
[[0;32m  OK  [0m] Stopped LSB: daemon to balance interrupts for SMP systems.
[[0;32m  OK  [0m] Stopped LSB: VirtualBox Linux Additions.
[[0;32m  OK  [0m] Stopped LSB: Set the CPU Frequency Scaling governor to "ondemand".
[[0;32m  OK  [0m] Stopped LSB: Record successful boot for GRUB.
[[0;32m  OK  [0m] Stopped LSB: automatic crash report generation.
[[0;32m  OK  [0m] Removed slice User Slice of vagrant.
         Stopping Login Service...
[[0;32m  OK  [0m] Removed slice system-serial\x2dgetty.slice.
[[0;32m  OK  [0m] Removed slice system-getty.slice.
[[0;32m  OK  [0m] Stopped /etc/rc.local Compatibility.
         Stopping Permit User Sessions...
[[0;32m  OK  [0m] Stopped Login Service.
[[0;32m  OK  [0m] Stopped Permit User Sessions.
[[0;32m  OK  [0m] Stopped target Remote File Systems.
[[0;32m  OK  [0m] Stopped target Remote File Systems (Pre).
         Stopping Login to default iSCSI targets...
[[0;32m  OK  [0m] Stopped target User and Group Name Lookups.
[[0;32m  OK  [0m] Stopped target Basic System.
[[0;32m  OK  [0m] Stopped target Slices.
[[0;32m  OK  [0m] Removed slice User and Session Slice.
[[0;32m  OK  [0m] Stopped target Paths.
[[0;32m  OK  [0m] Stopped Dispatch Password Requests to Console Directory Watch.
[[0;32m  OK  [0m] Stopped Forward Password Requests to Wall Directory Watch.
[[0;32m  OK  [0m] Stopped ACPI Events Check.
[[0;32m  OK  [0m] Stopped target Sockets.
[[0;32m  OK  [0m] Closed LXD - unix socket.
[[0;32m  OK  [0m] Closed ACPID Listen Socket.
[[0;32m  OK  [0m] Closed UUID daemon activation socket.
[[0;32m  OK  [0m] Closed Syslog Socket.
[[0;32m  OK  [0m] Closed D-Bus System Message Bus Socket.
[[0;32m  OK  [0m] Closed Socket activation for snappy daemon.
[[0;32m  OK  [0m] Stopped target System Initialization.
[[0;32m  OK  [0m] Stopped target Swap.
[[0;32m  OK  [0m] Stopped Create Volatile Files and Directories.
[[0;32m  OK  [0m] Stopped target Encrypted Volumes.
         Stopping Load/Save Random Seed...
[[0;32m  OK  [0m] Stopped Load/Save Random Seed.
[[0;32m  OK  [0m] Stopped Login to default iSCSI targets.
         Stopping iSCSI initiator daemon (iscsid)...
[[0;32m  OK  [0m] Stopped iSCSI initiator daemon (iscsid).
[[0;32m  OK  [0m] Stopped target Network is Online.
[[0;32m  OK  [0m] Stopped Initial cloud-init job (metadata service crawler).
[[0;32m  OK  [0m] Stopped target Network.
         Stopping Raise network interfaces...
[[0;32m  OK  [0m] Stopped Raise network interfaces.
[[0;32m  OK  [0m] Stopped target Network (Pre).
[[0;32m  OK  [0m] Stopped Initial cloud-init job (pre-networking).
[[0;32m  OK  [0m] Stopped Apply Kernel Variables.
[[0;32m  OK  [0m] Stopped Load Kernel Modules.
[[0;32m  OK  [0m] Stopped target Local File Systems.
         Unmounting /images...
         Unmounting /vagrant...
         Unmounting /run/user/1000...
[[0;32m  OK  [0m] Unmounted /images.
[[0;32m  OK  [0m] Unmounted /vagrant.
[[0;32m  OK  [0m] Unmounted /run/user/1000.
[[0;32m  OK  [0m] Reached target Unmount All Filesystems.
[[0;32m  OK  [0m] Stopped target Local File Systems (Pre).
[[0;32m  OK  [0m] Stopped Remount Root and Kernel File Systems.
         Stopping Monitoring of LVM2 mirrors... dmeventd or progress polling...
[[0;32m  OK  [0m] Stopped Create Static Device Nodes in /dev.
[[0;32m  OK  [0m] Reached target Shutdown.
[14483.811871] reboot: Power down
