[   .0000]niializi coup bs cus
    0.000000] Initializing cgroup subsys cpu
[    0.000000] Initializing cgroup subsys cpuacct
[    0.000000] Linux version 4.4.0-109-generic (buildd@lgw01-amd64-038) (gcc version 5.4.0 20160609 (Ubuntu 5.4.0-6ubuntu1~16.04.5) ) #132-Ubuntu SMP Tue Jan 9 19:52:39 UTC 2018 (Ubuntu 4.4.0-109.132-generic 4.4.98)
[    0.000000] Command line: BOOT_IMAGE=/boot/vmlinuz-4.4.0-109-generic root=LABEL=cloudimg-rootfs ro console=tty1 console=ttyS0
[    0.000000] KERNEL supported cpus:
[    0.000000]   Intel GenuineIntel
[    0.000000]   AMD AuthenticAMD
[    0.000000]   Centaur CentaurHauls
[    0.000000] x86/fpu: xstate_offset[2]:  576, xstate_sizes[2]:  256
[    0.000000] x86/fpu: Supporting XSAVE feature 0x01: 'x87 floating point registers'
[    0.000000] x86/fpu: Supporting XSAVE feature 0x02: 'SSE registers'
[    0.000000] x86/fpu: Supporting XSAVE feature 0x04: 'AVX registers'
[    0.000000] x86/fpu: Enabled xstate features 0x7, context size is 832 bytes, using 'standard' format.
[    0.000000] x86/fpu: Using 'lazy' FPU context switches.
[    0.000000] e820: BIOS-provided physical RAM map:
[    0.000000] BIOS-e820: [mem 0x0000000000000000-0x000000000009fbff] usable
[    0.000000] BIOS-e820: mem 00000009000x0000009ff]esrved[   0.00] IOS-20[mm 0x000000f00-00000000ff] rerv
[  00000] BI-e82: [m 00000000000-000003fff] sabl
[  0.0000] IOS-e8: em 000003fff00x00000ffffff] PIdata
[  00000] OSe8: em0x000000c000-0000000c0ff rerd
[    0000] OS82: [m 00000fe000-0x0000ee00ff rerve
[  .00000BI-e820:me0x0000ffc0000x00000fffff resve
[   0000] N(Ecue Dibl proteio activ
[  0.00] MBS 5 presen
   0000]Hypeis dteedKV
[  00000 e0:last_pn  0fff0axrc_pfn 000000    0.00] MT: saled   0.000 x86/P: RRs saed skippinPA inialaton t.[   .000] CPMTs alblk  viraledsyem
[   0000] x/PT:onfiguti [0-:   T  U U W    - C  
[  0000] un SMPP-ble  [m x0009ff0-0009ff]aped at ff80009f0]
[  00000]cain 1res r lomerycorrupon
[  0.0000RADIK:[m 06ac000-075fff]
  .00000] PIEarltae hecksuveficaonisbl
    .0000]CP: DPx0000000000 000024v0 VBO )[    0.000] ACPIXST 0x00003FFF30003C (v0VBX   VBXST 00001 SL000000)[    0000] AI:AC 0x00000FFF00 004 (v04BO   VBOAC00001 L 000061
[  .000] AC: DT 000003FFF7002FF (v0VB   VXBS 000000IN 20110
    0.0000] ACPI FS x00000FF0200000
[  00000]CP FAC0x000003F00 0004
[  0.0000ACPIAP 0000000FF240 00 (v0VB  VBOXIC000001SL00001)[   .000] AC: DT0x0000FFF02A0 001 (01 VBO  OXCP 00002NT206010
  0.00000]o UMA nfuratn un
[  00000] Fang node  [m 0x000000000-000000fefff]
  0.0000] DE_DA( alocate[m 0x3ffeb00x3fefff]
[  .0000]vm-cckUsng ms 564d and 464d0
[  .00000 k-clo: u , r 3fe300 pmay cpu oc
[  00000kvclck: inscheofetof 276476 cl
    0000] ocouce: m-lok: mas 0fffffffffff x_ycle: 0xd44dfbmaide_ns8890913 
    0000 Ze ngs:
  0.0000  MA   [m x0000000010-0000000fff]  0.0000  MA32  [m 0x000000100000-000000feff]
[   .0000]  orl   emy    0000   Dic  mpty[   0.0000 Movable zone strtoreach ne[   .000] Eay moryodrages
[  0.0000  od   0: emx000000001000x00000000ff
[    0000]  od  : [memx000000100-0x00000ffeff][   .000] Inmesetuno 0[memx0000000000x00003feff][   .000] PIPMTimeIOor: 40
    0000] OAPIC[: pic_ 2vesion2,ddre 0ec0000, I 23
  .00000 AI:NT_SRCOV(bs 0 buir0 lobair2 fl dfl
[  0.00] CPI:NTRCOVR us bs_q glbal_q lo lel
[   0000]Usg ACPI(MADT)fo SP configuration information
[    0.000000] smpboot: Allowing 2 CPUs, 0 hotplug CPUs
[    0.000000] PM: Registered nosave memory: [mem 0x00000000-0x00000fff]
[    0.000000] PM: Registered nosave memory: [mem 0x0009f000-0x0009ffff]
[    0.000000] PM: Registered nosave memory: [mem 0x000a0000-0x000effff]
[    0.000000] PM: Registered nosave memory: [mem 0x000f0000-0x000fffff]
[    0.000000] e820: [mem 0x40000000-0xfebfffff] available for PCI devices
[    0.000000] Booting paravirtualized kernel on KVM
[    0.000000] clocksource: refined-jiffies: mask: 0xffffffff max_cycles: 0xffffffff, max_idle_ns: 7645519600211568 ns
[    0.000000] setup_percpu: NR_CPUS:512 nr_cpumask_bits:512 nr_cpu_ids:2 nr_node_ids:1
[    0.000000] PERCPU: Embedded 34 pages/cp @ffff88003fc00000 s99544 r8192 d31528 u1048576
[    0.000000] PV qspinlock hash table eentries: 256 (order: 0, 4096 bytes)
[    0.000000] Built 1 zonelists in Node order, mobility grouping .  Total pages: 257913
  0.0000Poicy zo: MA32[   0.00] ernecoand neBOT_IME=oo/vin-44.0-9-neicooLAEL=cudg-rofso onsoletyconse=yS
[   .0000]IDhash tablentes: 40 (rdr: 3328 yt)    0.00] Mery101740K/480K avaab (84K rnl co, 08 rwda,988Koda,15K it 1316Kss 463K seved,K a-rerv)
[  0.0000] UBHWlign4,rdr=0-3, MinObecs=0,PU2, Nes
    0000 KneUsr pa tle ilaon enaed[    0000] Hrahial R ilementio
[  00000] ui-tme adjtmt of lf nout to 64
[   0000] 	U sticti Cs from NCP=512 tnrpu_i=2
[   0.000 RCUAdstng gmey orcuanut_lf=, r_u_s=
[  00000 N_IS:3302nrrqs:0 
    0000 Cnsol clour VA+0x5
[  00000] nse tty1 ebld
[    0.000000] console [ttyS0] enabled
[    0.000000] tsc: Detected 2808.008 MHz processor
[   19.257420] Calibrating delay loop (skipped) preset value.. 5616.01 BogoMIPS (lpj=11232032)
[   19.258605] pid_max: default: 32768 minimum: 301
[   19.259241] ACPI: Core revision 20150930
[   19.260607] ACPI: 2 ACPI AML tables successfully acquired and loaded
[   19.262458] Security Framework initialized
[  126612] Yama: becoming mindful.
[   19.386234] AppArmor: AppArmor initialized
[   19.518238] Dentry cache hash table entries: 131072 (order: 8, 1048576 bytes)
[   19.728026] Inode-cache hash table entries: 65536 (order: 7, 524288 bytes)
[   19.944132] Mount-cache hash table entries: 2048 (order: 2, 16384 bytes)
[   20.165186] Mountpoint-cache hash table entries: 2048 (order: 2, 16384 bytes)
[   20.368349] Initializing cgroup subsys io
[   20.493826] Initializing cgroup subsys memory
[   20.622888] Initializing cgroup subsys devices
[   20.769186] Initializing cgroup subsys freezer
[   20.904984] Initializing cgroup subsys net_cls
[   21.046157] Initializing cgroup subsys perf_event
[   21.184346] Initializing cgroup subsys net_prio
[   21.309361] Initializing cgroup subsys hugetlb
[   21.389995] Initializing cgroup subsys pids
[   21.390777] CPU: Physical Processor ID: 0
[   21.391450] CPU: Processor Core ID: 0
[   21.392981] mce: CPU supports 0 MCE banks
[   21.393637] Last level iTLB entries: 4KB 64, 2MB 8, 4MB 8
[   21.394398] Last level dTLB entries: 4KB 64, 2MB 0, 4MB 0, 1GB 4
[   21.396848] Freeing SMP alternatives memory: 32K
[   21.483591] ftrace: allocating 32171 entries in 126 pages
[   21.606095] smpboot: APIC(0) Converting physical 0 to logical package 0
[   21.725751] smpboot: Max logical packages: 1
[   21.805952] x2apic enabled
[   21.806645] Switched APIC routing to physical x2apic.
[   21.808324] ..TIMER: vector=0x30 apic1=0 pin1=2 apic2=-1 pin2=-1
[   21.916205] APIC calibration not consistent with PM-Timer: 102ms instead of 100ms
[   22.045489] APIC delta adjusted to PM-Timer: 6228909 (6354704)
[   22.149595] smpboot: CPU0: Intel(R) Core(TM) i7-6700T CPU @ 2.80GHz (family: 0x6, model: 0x5e, stepping: 0x3)
[   22.151313] Performance Events: unsupported p6 CPU model 94 no PMU driver, software events only.
[   22.152880] KVM setup paravirtual spinlock
[   22.154152] x86: Booting SMP configuration:
[   22.217571] .... node  #0, CPUs:      #1
[   22.273636] kvm-clock: cpu 1, msr 0:3ffe3041, secondary cpu clock
[   22.278726] mce: CPU supports 0 MCE banks
[   22.281174] x86: Booted up 1 node, 2 CPUs
[   22.282029] smpboot: Total of 2 processors activated (11232.03 BogoMIPS)
[   22.283310] devtmpfs: initialized
[   22.311186] evm: security.selinux
[   22.318384] evm: security.SMACK64
[   22.318962] evm: security.SMACK64EXEC
[   22.319575] evm: security.SMACK64TRANSMUTE
[   22.320322] evm: security.SMACK64MMAP
[   22.320971] evm: security.ima
[   22.321540] evm: security.capability
[   22.322355] clocksource: jiffies: mask: 0xffffffff max_cycles: 0xffffffff, max_idle_ns: 7645041785100000 ns
[   22.323860] futex hash table entries: 512 (order: 3, 32768 bytes)
[   22.324832] pinctrl core: initialized pinctrl subsystem
[   22.378722] RTC time: 15:49:24, date: 02/27/18
[   22.486626] NET: Registered protocol family 16
[   22.635770] cpuidle: using governor ladder
[   22.771556] cpuidle: using governor menu
[   22.888520] PCCT header not found.
[   22.989640] ACPI: bus type PCI registered
[   23.106456] acpiphp: ACPI Hot Plug PCI Controller Driver version: 0.5
[   23.298888] PCI: Using configuration type 1 for base access
[   23.406662] ACPI: Added _OSI(Module Device)
[   23.451804] ACPI: Added _OSI(Processor Device)
[   23.539289] ACPI: Added _OSI(3.0 _SCP Extensions)
[   23.677897] ACPI: Added _OSI(Processor Aggregator Device)
[   23.845198] ACPI: Executed 1 blocks of module-level executable AML code
[   24.044289] ACPI: Interpreter enabled
[   24.158811] ACPI: (supports S0 S5)
[   24.262452] ACPI: Using IOAPIC for interrupt routing
[   24.410285] PCI: Using host bridge windows from ACPI; if necessary, use "pci=nocrs" and report a bug
[   24.649812] ACPI: PCI Root Bridge [PCI0] (domain 0000 [bus 00-ff])
[   24.837695] acpi PNP0A03:00: _OSC: OS supports [ASPM ClockPM Segments MSI]
[   25.047796] acpi PNP0A03:00: _OSC: not requesting OS control; OS requires [ExtendedConfig ASPM ClockPM MSI]
[   25.346675] acpi PNP0A03:00: fail to add MMCONFIG information, can't access extended PCI configuration space under this bridge.
[   25.584308] PCI host bridge to bus 0000:00
[   25.629742] pci_bus 0000:00: root bus resource [io  0x0000-0x0cf7 window]
[   25.630712] pci_bus 0000:00: root bus resource [io  0x0d00-0xffff window]
[   25.631742] pci_bus 0000:00: root bus resource [mem 0x000a0000-0x000bffff window]
[   25.632908] pci_bus 0000:00: root bus resource [mem 0x40000000-0xfdffffff window]
[   25.634107] pci_bus 0000:00: root bus resource [bus 00-ff]
[   25.635972] pci 0000:00:01.1: legacy IDE quirk: reg 0x10: [io  0x01f0-0x01f7]
[   25.638363] pci 0000:00:01.1: legacy IDE quirk: reg 0x14: [io  0x03f6]
[   25.639271] pci 0000:00:01.1: legacy IDE quirk: reg 0x18: [io  0x0170-0x0177]
[   25.640282] pci 0000:00:01.1: legacy IDE quirk: reg 0x1c: [io  0x0376]
[   25.661800] pci 0000:00:07.0: quirk: [io  0x4000-0x403f] claimed by PIIX4 ACPI
[   25.742989] pci 0000:00:07.0: quirk: [io  0x4100-0x410f] claimed by PIIX4 SMB
[   25.825855] ACPI: PCI Interrupt Link [LNKA] (IRQs 5 9 10 *11)
[   25.889541] ACPI: PCI Interrupt Link [LNKB] (IRQs 5 9 *10 11)
[   25.890850] ACPI: PCI Interrupt Link [LNKC] (IRQs 5 *9 10 11)
[   25.892205] ACPI: PCI Interrupt Link [LNKD] (IRQs 5 9 10 *11)
[   25.893640] ACPI: Enabled 2 GPEs in block 00 to 07
[   25.913716] vgaarb: setting as boot device: PCI:0000:00:02.0
[   25.972812] vgaarb: device added: PCI:0000:00:02.0,decodes=io+mem,owns=io+mem,locks=none
[   25.974052] vgaarb: loaded
[   25.974566] vgaarb: bridge control possible 0000:00:02.0
[   25.975540] SCSI subsystem initialized
[   25.976337] ACPI: bus type USB registered
[   26.021613] usbcore: registered new interface driver usbfs
[   26.088287] usbcore: registered new interface driver hub
[   26.149181] usbcore: registered new device driver usb
[   26.204930] PCI: Using ACPI for IRQ routing
[   26.253069] NetLabel: Initializing
[   26.292850] NetLabel:  domain hash size = 128
[   26.293544] NetLabel:  protocols = UNLABELED CIPSOv4
[   26.294307] NetLabel:  unlabeled traffic allowed by default
[   26.295267] amd_nb: Cannot enumerate AMD northbridges
[   26.348552] clocksource: Switched to clocksource kvm-clock
[   26.452249] AppArmor:ApArorFisyemnaed[ 26162]pnp: PnP ACPI init
  7.35] p:nPCP fnd dic
[   27.567097] clocksource: acpi_pm: mask: 0xffffff max_cycles: 0xffffff, max_idle_ns: 2085701024 ns
[   27.692111] NET: Registered protocol family 2
[   27.692867] TCP established hash table entries: 8192 (order: 4, 65536 bytes)
[   27.693743] TCP bind hash table entries: 8192 (order: 5, 131072 bytes)
[   27.694563] TCP: Hash tables configured (established 8192 bind 8192)
[   27.695376] UDP hash table entries: 512 (order: 2, 16384 bytes)
[   27.696145] UDP-Lite hash table entries: 512 (order: 2, 16384 bytes)
[   27.697004] NET: Registered protocol family 1
[   27.697669] pci 0000:00:00.0: Limiting direct PCI/PCI transfers
[   28.311868] pci 0000:00:01.0: Activating ISA DMA hang workarounds
[   28.324559] Unpacking initramfs...
[   29.671530] Freeing initrd memory: 10792K
[   29.881946] platform rtc_cmos: registered platform RTC device (no PNP device found)
[   30.553391] Scanning for low memory corruption every 60 seconds
[   30.484651] audit: initializing netlink subsys (disabled)
[   30.485439] audit: type=2000 audit(1519746550.730:1): initialized
[   30.486434] Initialise system trusted keyring
[   30.487378] HugeTLB registered 2 MB page size, pre-allocated 0 pages
[   30.489313] zbud: loaded
[   30.490043] VFS: Disk quotas dquot_6.6.0
[   30.490629] VFS: Dquot-cache hash table entries: 512 (order 0, 4096 bytes)
[   30.491688] squashfs: version 4.0 (2009/01/31) Phillip Lougher
[   30.492779] fuse init (API version 7.23)
[   30.493467] Key type big_key registered
[   30.494033] Allocating IMA MOK and blacklist keyrings.
[   30.495524] Key type asymmetric registered
[   30.497711] Asymmetric key parser 'x509' registered
[   30.498395] Block layer SCSI generic (bsg) driver version 0.4 loaded (major 249)
[   30.499477] io scheduler noop registered
[   30.500096] io scheduler deadline registered (default)
[   30.500778] io scheduler cfq registered
[   30.501513] pci_hotplug: PCI Hot Plug PCI Core version: 0.5
[   30.502220] pciehp: PCI Express Hot Plug Controller Driver version: 0.4
[   30.503100] ACPI: AC Adapter [AC] (on-line)
[   30.503762] input: Power Button as /devices/LNXSYSTM:00/LNXPWRBN:00/input/input0
[   30.504795] ACPI: Power Button [PWRF]
[   30.505440] input: Sleep Button as /devices/LNXSYSTM:00/LNXSLPBN:00/input/input1
[   30.506457] ACPI: Sleep Button [SLPF]
[   30.507162] GHES: HEST is not enabled!
[   30.507805] Serial: 8250/16550 driver, 32 ports, IRQ sharing enabled
[   30.529964] 00:02: ttyS0 at I/O 0x3f8 (irq = 4, base_baud = 115200) is a 16550A
[   30.813352] Linux agpgart interface v0.103
[   30.815814] loop: module loaded
[   30.842735] scsi host0: ata_piix
[   30.843844] scsi host1: ata_piix
[   30.851980] ata1: PATA max UDMA/33 cmd 0x1f0 ctl 0x3f6 bmdma 0xd000 irq 14
[   30.862469] ata2: PATA max UDMA/33 cmd 0x170 ctl 0x376 bmdma 0xd008 irq 15
[   30.863538] libphy: Fixed MDIO Bus: probed
[   30.864764] tun: Universal TUN/TAP device driver, 1.6
[   30.866114] tun: (C) 1999-2004 Max Krasnyansky <maxk@qualcomm.com>
[   30.867724] PPP generic driver version 2.4.2
[   30.872246] ehci_hcd: USB 2.0 'Enhanced' Host Controller (EHCI) Driver
[   30.873240] ehci-pci: EHCI PCI platform driver
[   30.873953] ehci-platform: EHCI generic platform driver
[   30.874741] ohci_hcd: USB 1.1 'Open' Host Controller (OHCI) Driver
[   30.875620] ohci-pci: OHCI PCI platform driver
[   30.876345] ohci-platform: OHCI generic platform driver
[   30.877174] uhci_hcd: USB Universal Host Controller Interface driver
[   30.878089] i8042: PNP: PS/2 Controller [PNP0303:PS2K,PNP0f03:PS2M] at 0x60,0x64 irq 1,12
[   30.882659] tsc: Refined TSC clocksource calibration: 2803.616 MHz
[   30.883546] clocksource: tsc: mask: 0xffffffffffffffff max_cycles: 0x286998b7a32, max_idle_ns: 440795328883 ns
[   30.885576] serio: i8042 KBD port at 0x60,0x64 irq 1
[   30.891611] serio: i8042 AUX port at 0x60,0x64 irq 12
[   30.892459] mousedev: PS/2 mouse device common for all mice
[   30.902669] rtc_cmos rtc_cmos: rtc core: registered rtc_cmos as rtc0
[   30.906981] rtc_cmos rtc_cmos: alarms up to one day, 114 bytes nvram
[   30.907964] input: AT Translated Set 2 keyboard as /devices/platform/i8042/serio0/input/input2
[   30.910576] i2c /dev entries driver
[   30.913252] device-mapper: uevent: version 1.0.3
[   30.914047] device-mapper: ioctl: 4.34.0-ioctl (2015-10-28) initialised: dm-devel@redhat.com
[   30.915314] ledtrig-cpu: registered to indicate activity on CPUs
[   30.916780] NET: Registered protocol family 10
[   30.922369] NET: Registered protocol family 17
[   30.925782] Key type dns_resolver registered
[   30.926618] microcode: CPU0 sig=0x506e3, pf=0x2, revision=0x0
[   31.081781] microcode: CPU1 sig=0x506e3, pf=0x2, revision=0x0
[   31.084755] microcode: Microcode Update Driver: v2.01 <tigran@aivazian.fsnet.co.uk>, Peter Oruba
[   31.086186] registered taskstats version 1
[   31.092619] Loading compiled-in X.509 certificates
[   31.094454] Loaded X.509 cert 'Build time autogenerated kernel key: 96e61bd247bb6c4e82ca419795a98fcb171b0e99'
[   31.096318] zswap: loaded using pool lzo/zbud
[   31.098800] Key type trusted registered
[   31.104966] Key type encrypted registered
[   31.111940] AppArmor: AppArmor sha1 policy hashing enabled
[   31.114563] ima: No TPM chip found, activating TPM-bypass!
[   31.115424] evm: HMAC attrs: 0x1
[   31.116326]   Magic number: 6:383:842
[   31.122193] rtc_cmos rtc_cmos: setting system clock to 2018-02-27 15:49:33 UTC (1519746573)
[   31.127735] BIOS EDD facility v0.16 2004-Jun-25, 0 devices found
[   31.130065] EDD information not available.
[   31.131937] Freeing unused kernel memory: 1508K
[   31.133813] Write protecting the kernel read-only data: 14336k
[   31.135196] Freeing unused kernel memory: 1744K
[   31.136286] Freeing unused kernel memory: 108K
Loading, please wait...
starting version[   31.148227] random: systemd-udevd: uninitialized urandom read (16 bytes read, 3 bits of entropy available)
 229
[   31.148775] random: udevadm: uninitialized urandom read (16 bytes read, 3 bits of entropy available)
[   31.148798] random: udevadm: uninitialized urandom read (16 bytes read, 3 bits of entropy available)
[   31.155815] random: systemd-udevd: uninitialized urandom read (16 bytes read, 3 bits of entropy available)
[   31.157525] random: udevadm: uninitialized urandom read (16 bytes read, 3 bits of entropy available)
[   31.157564] random: udevadm: uninitialized urandom read (16 bytes read, 3 bits of entropy available)
[   31.157701] random: udevadm: uninitialized urandom read (16 bytes read, 3 bits of entropy available)
[   31.157755] random: udevadm: uninitialized urandom read (16 bytes read, 3 bits of entropy available)
[   31.157805] random: udevadm: uninitialized urandom read (16 bytes read, 3 bits of entropy available)
[   31.157857] random: udevadm: uninitialized urandom read (16 bytes read, 3 bits of entropy available)
[   31.201577] e1000: Intel(R) PRO/1000 Network Driver - version 7.3.21-k8-NAPI
[   31.477012] e1000: Copyright (c) 1999-2006 Intel Corporation.
[   31.725515] Fusion MPT base driver 3.04.20
[   32.048556] Copyright (c) 1999-2008 LSI Corporation
[   32.508109] Fusion MPT SPI Host driver 3.04.20
[   32.950678] AVX2 version of gcm_enc/dec engaged.
[   32.987727] AES CTR mode by8 optimization enabled
[   33.148909] input: ImExPS/2 Generic Explorer Mouse as /devices/platform/i8042/serio1/input/input4
[   33.339931] e1000 0000:00:03.0 eth0: (PCI:33MHz:32-bit) 02:38:07:4c:82:85
[   34.005785] e1000 0000:00:03.0 eth0: Intel(R) PRO/1000 Network Connection
[   34.162470] mptbase: ioc0: Initiating bringup
[   34.162701] e1000 0000:00:03.0 enp0s3: renamed from eth0
[   34.701244] ioc0: LSI53C1030 A0: Capabilities={[   34.792093] floppy0: no floppy controllers found

[   34.966474] Initiator}
[   35.197034] scsi host2: ioc0: LSI53C1030 A0, FwRev=00000000h, Ports=1, MaxQ=256, IRQ=20
[   35.325643] scsi 2:0:0:0: Direct-Access     VBOX     HARDDISK         1.0  PQ: 0 ANSI: 5
[   36.132001] scsi target2:0:0: Beginning Domain Validation
[   36.613647] scsi target2:0:0: Domain Validation skipping write tests
[   36.616500] scsi target2:0:0: Ending Domain Validation
[   36.617295] scsi target2:0:0: asynchronous
[   36.626642] scsi 2:0:1:0: Direct-Access     VBOX     HARDDISK         1.0  PQ: 0 ANSI: 5
[   36.633717] scsi target2:0:1: Beginning Domain Validation
[   36.635300] scsi target2:0:1: Domain Validation skipping write tests
[   36.636137] scsi target2:0:1: Ending Domain Validation
[   36.636915] scsi target2:0:1: asynchronous
[   36.641294] sd 2:0:0:0: Attached scsi generic sg0 type 0
[   36.641633] sd 2:0:0:0: [sda] 20971520 512-byte logical blocks: (10.7 GB/10.0 GiB)
[   36.641723] sd 2:0:0:0: [sda] Write Protect is off
[   36.641783] sd 2:0:0:0: [sda] Incomplete mode parameter data
[   36.641784] sd 2:0:0:0: [sda] Assuming drive cache: write through
[   36.646677]  sda: sda1
[   36.647225] sd 2:0:0:0: [sda] Attached SCSI disk
[   36.652669] sd 2:0:1:0: [sdb] 20480 512-byte logical blocks: (10.5 MB/10.0 MiB)
[   36.653788] sd 2:0:1:0: Attached scsi generic sg1 type 0
[   36.654642] sd 2:0:1:0: [sdb] Write Protect is off
[   36.655436] sd 2:0:1:0: [sdb] Incomplete mode parameter data
[   36.656208] sd 2:0:1:0: [sdb] Assuming drive cache: write through
[   36.659159] sd 2:0:1:0: [sdb] Attached SCSI disk
Begin: Loading e[   37.932385] md: linear personality registered for level -1
ssential drivers ... [   38.283999] md: multipath personality registered for level -4
[   38.288081] md: raid0 personality registered for level 0
[   38.295265] md: raid1 personality registered for level 1
[   38.536570] raid6: sse2x1   gen() 11462 MB/s
[   38.652586] raid6: sse2x1   xor()  8973 MB/s
[   38.764590] raid6: sse2x2   gen() 14848 MB/s
[   38.880585] raid6: sse2x2   xor() 10264 MB/s
[   38.992584] raid6: sse2x4   gen() 15606 MB/s
[   39.104584] raid6: sse2x4   xor() 11439 MB/s
[   39.216586] raid6: avx2x1   gen() 24343 MB/s
[   39.328601] raid6: avx2x2   gen() 26386 MB/s
[   39.400584] raid6: avx2x4   gen() 28785 MB/s
[   39.418245] raid6: using algorithm avx2x4 gen() 28785 MB/s
[   39.419049] raid6: using avx2x2 recovery algorithm
[   39.420928] xor: automatically using best checksumming function:
[   40.101486]    avx       : 53814.000 MB/sec
[   40.333196] async_tx: api initialized (async)
[   40.428649] md: raid6 personality registered for level 6
[   40.593388] md: raid5 personality registered for level 5
[   40.739082] md: raid4 personality registered for level 4
[   40.908818] md: raid10 personality registered for level 10
done.
Begin: Running[   41.136507] Btrfs loaded
 /scripts/init-premount ... done.
Begin: Mounting root file system ... Begin: Running /scripts/local-top ... done.
Begin: Running /scripts/local-premount ... Scanning for Btrfs filesystems
done.
Warning: fsck not present, so skipping root file system
[   41.249264] EXT4-fs (sda1): mounted filesystem with ordered data mode. Opts: (null)
done.
Begin: Running /scripts/local-bottom ... done.
Begin: Running /scripts/init-bottom ... done.
[   41.540440] systemd[1]: systemd 229 running in system mode. (+PAM +AUDIT SSLLINUX +IMA +APPARMOR +SMACK +SYSVINIT +UTMP +LIBCRYPTSETUP +GCRYPT +GNUTLS +ACL +XZ -LZ4 +SECCOMP +BLKID +ELFUTILS +KMOD -IDN)
[   42.473125] systemd[1]: Detected virtualization oracle.
[   42.473857] systemd[1]: Detected architecture x86-64.

Welcome to [1mUbuntu 16.04.3 LTS[0m!

[   42.478215] systemd[1]: Set hostname to <ubuntu>.
[   42.493865] systemd[1]: Initializing machine ID from random generator.
[   42.512354] systemd[1]: Installed transient /etc/machine-id file.
[   42.626559] systemd[1]: Listening on Journal Socket.
[[0;32m  OK  [0m] Listening on Journal Socket.
[   42.832080] systemd[1]: Listening on LVM2 poll daemon socket.
[[0;32m  OK  [0m] Listening on LVM2 poll daemon socket.
[   42.834360] systemd[1]: Reached target User and Group Name Lookups.
[[0;32m  OK  [0m] Reached target User and Group Name Lookups.
[   42.836771] systemd[1]: Reached target Swap.
[[0;32m  OK  [0m] Reached target Swap.
[   42.838738] systemd[1]: Listening on Device-mapper event daemon FIFOs.
[[0;32m  OK  [0m] Listening on Device-mapper event daemon FIFOs.
[   42.872921] systemd[1]: Listening on /dev/initctl Compatibility Named Pipe.
[[0;32m  OK  [0m] Listening on /dev/initctl Compatibility Named Pipe.
[   43.528779] systemd[1]: Listening on udev Kernel Socket.
[[0;32m  OK  [0m] Listening on udev Kernel Socket.
[   43.531666] systemd[1]: Created slice System Slice.
[[0;32m  OK  [0m] Created slice System Slice.
[   43.544895] systemd[1]: Mounting Debug File System...
         Mounting Debug File System...
[   44.073287] systemd[1]: Created slice system-serial\x2dgetty.slice.
[[0;32m  OK  [0m] Created slice system-serial\x2dgetty.slice.
[   44.624968] systemd[1]: Starting Remount Root and Kernel File Systems...
[   44.625656] random: nonblocking pool is initialized
[   44.628599] EXT4-fs (sda1): re-mounted. Opts: (null)
         Starting Remount Root and Kernel File Systems...
[   44.874690] systemd[1]: Starting Load Kernel Modules...
[   45.101091] Loading iSCSI transport cla v0-0.
         Startin[   45.464259] iscsi: registered transport (tcp)
g Load Kernel Modules...
[   45.611129] iscsi: registered transport (iser)
[   45.822807] systemd[1]: Listening on Syslog Socket.
[[0;32m  OK  [0m] Listening on Syslog Socket.
[   46.010793] systemd[1]: Created slice User and Session Slice.
[[0;32m  OK  [0m] Created slice User and Session Slice.
[   46.472700] systemd[1]: Mounting Huge Pages File System...
         Mounting Huge Pages File System...
[   46.474677] systemd[1]: Starting Set console keymap...
         Starting Set console keymap...
[   46.476143] systemd[1]: Reached target Encrypted Volumes.
[[0;32m  OK  [0m] Reached target Encrypted Volumes.
[   46.478316] systemd[1]: Mounting POSIX Message Queue File System...
         Mounting POSIX Message Queue File System...
[   46.687666] systemd[1]: Started Trigger resolvconf update for networkd DNS.
[[0;32m  OK  [0m] Started Trigger resolvconf update for networkd DNS.
[   46.692168] systemd[1]: Started Forward Password Requests to Wall Directory Watch.
[[0;32m  OK  [0m] Started Forward Password Requests to Wall Directory Watch.
[   46.694773] systemd[1]: Starting Create list of required static device nodes for the current kernel...
         Starting Create list of required st... nodes for the current kernel...
[   46.705131] systemd[1]: Starting Uncomplicated firewall...
         Starting Uncomplicated firewall...
[   46.712720] systemd[1]: Listening on Journal Socket (/dev/log).
[[0;32m  OK  [0m] Listening on Journal Socket (/dev/log).
[   46.825553] systemd[1]: Set up automount Arbitrary Executable File Formats File System Automount Point.
[[0;32m  OK  [0m] Set up automount Arbitrary Executab...ats File System Automount Point.
[   46.828765] systemd[1]: Listening on udev Control Socket.
[[0;32m  OK  [0m] Listening on udev Control Socket.
[   46.830444] systemd[1]: Listening on Journal Audit Socket.
[[0;32m  OK  [0m] Listening on Journal Audit Socket.
[   46.844764] systemd[1]: Starting Journal Service...
         Starting Journal Service...
[   47.16084]]ssystemd[1]: Starting Nameserver information manager...
         Starting Nameserver information manager...
[   47.525203] systemd[1]: Listening on LVM2 metadata daemon socket.
[[0;32m  OK  [0m] Listening on LVM2 metadata daemon socket.
[   47.641206] systemd[1]: Starting Monitoring of LVM2 mirrors, snapshots etc. using dmeventd or progress polling...
         Starting Monitoring of LVM2 mirrors... dmeventd or progress polling...
[   47.734834] systemd[1]: Reached target Slices.
[[0;32m  OK  [0m] Reached target Slices.
[   777744367] systemd[1]: Mounted POSIX Message Queue File System.
[[0;32m  OK  [0m] Mounted POSIX Message Queue File System.
[   47.873088] systemd[1]: Mounted Huge Pages File System.
[[0;32m  OK  [0m] Mounted Huge Pages File System.
[   47.874813] systemd[1]: Mounted Debug File System.
[[0;32m  OK  [0m] Mounted Debug File System.
[   47.876235] systemd[1]: Started Journal Service.
[[0;32m  OK  [0m] Started Journal Service.
[[0;32m  OK  [0m] Started Remount Root and Kernel File Systems.
[[0;32m  OK  [0m] Started Load Kernel Modules.
[[0;32m  OK  [0m] Started Set console keymap.
[[0;32m  OK  [0m] Started Create list of required sta...ce nodes for the current kernel.
[[0;32m  OK  [0m] Started Uncomplicated firewall.
[[0;32m  OK  [0m] Started Nameserver information manager.
[[0;32m  OK  [0m] Started LVM2 metadata daemon.
         Starting Create Static Device Nodes in /dev...
         Mounting FUSE Control File System...
         Starting Apply Kernel Variables...
         Starting Load/Save Random Seed...
         Starting udev Coldplug all Devices...
         Starting Initial cloud-init job (pre-networking)...
         Starting Flush Journal to Persistent Storage...
[[0;32m  OK  [0m] Mounted FUSE Control File System.
[[0;32m  OK  [0m] Started Monitoring of LVM2 mirrors,...ng dmeventd or progress polling.
[[0;32m  OK  [0m] Started Create Static Device Nodes in /dev.
[[0;32m  OK  [0m] Started Apply Kernel Variables.
[[0;32m  OK  [0m] Started Load/Save Random Seed.
[[0;32m  OK  [0m] Started udev Coldplug all Devices.
[[0;32m  OK  [0m] Started Flush Journal to Persistent Storage.
         Starting udev Kernel Device Manager...
[[0;32m  OK  [0m] Started udev Kernel Device Manager.
[[0;32m  OK  [0m] Found device /dev/ttyS0.
[[0;32m  OK  [0m] Reached target Local File Systems (Pre).
[[0;32m  OK  [0m] Reached target Local File Systems.
[   23.183462] cloud-init[463]: Cloud-init v. 17.1 running 'init-local' at Tue, 27 Feb 2018 15:49:51 +0000. Up 22.90 seconds.
         Starting LSB: AppArmor initialization...
         Starting Set console font and keymap...
         Starting Tell Plymouth To Write Out Runtime Data...
         Starting Create Volatile Files and Directories...
         Starting Commit a transient machine-id on disk...
[[0;32m  OK  [0m] Started Dispatch Password Requests to Console Directory Watch.
[[0;32m  OK  [0m] Started Tell Plymouth To Write Out Runtime Data.
[[0;32m  OK  [0m] Started Set console font and keymap.
[[0;32m  OK  [0m] Started Create Volatile Files and Directories.
[[0;32m  OK  [0m] Started Commit a transient machine-id on disk.
[[0;32m  OK  [0m] Started Initial cloud-init job (pre-networking).
[[0;32m  OK  [0m] Listening on Load/Save RF Kill Switch Status /dev/rfkill Watch.
[[0;32m  OK  [0m] Reached target Network (Pre).
[[0;32m  OK  [0m] Reached target System Time Synchronized.
         Starting Update UTMP about System Boot/Shutdown...
[[0;32m  OK  [0m] Created slice system-getty.slice.
[[0;32m  OK  [0m] Started LSB: AppArmor initialization.
[[0;32m  OK  [0m] Started Update UTMP about System Boot/Shutdown.
         Starting Raise network interfaces...
[[0;32m  OK  [0m] Started Raise network interfaces.
         Starting Initial cloud-init job (metadata service crawler)...
[[0;32m  OK  [0m] Reached target Network.
[   26.999907] cloud-init[937]: Cloud-init v. 17.1 running 'init' at Tue, 27 Feb 2018 15:49:54 +0000. Up 26.43 seconds.
[   27.100656] [cloud-init[0;32m  OK  [0m[937]: ] ci-info: +++++++++++++++++++++++++++++++++++++Net device info+++++++++++++++++++++++++++++++++++++Started Initial cloud-init job (metadata service crawler).

[   27.101052] cloud-init[937]: ci-info: +--------+------+---------------------------+---------------+-------+-------------------+
[   27.131287] [cloud-init[0;32m  OK  [0m[937]: ] ci-info: | Device |  Up  |          Address          |      Mask     | Scope |     Hw-Address    |Reached target System Initialization.

[   27.131923] [cloud-init[0;32m  OK  [0m[937]: ] ci-info: +--------+------+---------------------------+---------------+-------+-------------------+Started Daily Cleanup of Temporary Directories.

[   27.420742] [cloud-init[0;32m  OK  [0m[937]: ] ci-info: | enp0s3 | True |         10.0.2.15         | 255.255.255.0 |   .   | 02:38:07:4c:82:85 |Started Timer to automatically refresh installed snaps.

[   27.421880]          cloud-initStarting Socket activation for snappy daemon.[937]: 
ci-info: | enp0s3 | True | fe80::38:7ff:fe4c:8285/64 |       .       |  link | 02:38:07:4c:82:85 |
[   27.696862]          cloud-initStarting LXD - unix socket.[937]: 
ci-info: |   lo   | True |         127.0.0.1         |   255.0.0.0   |   .   |         .         |
[   27.860920] [cloud-init[0;32m  OK  [0m[937]: ] ci-info: |   lo   | True |          ::1/128          |       .       |  host |         .         |Listening on UUID daemon activation socket.

[   27.862037] cloud-init[937]: ci-info: +--------+------+---------------------------+---------------+-------+-------------------+
[   28.120347] [cloud-init[0;32m  OK  [0m[937]: ] ci-info: +++++++++++++++++++++++++++Route IPv4 info++++++++++++++++++++++++++++Started ACPI Events Check.

[   28.120798] [cloud-init[0;32m  OK  [0m[937]: ] ci-info: +-------+-------------+----------+---------------+-----------+-------+Reached target Paths.

[   28.168645] [cloud-init[0;32m  OK  [0m[937]: ] ci-info: | Route | Destination | Gateway  |    Genmask    | Interface | Flags |Listening on D-Bus System Message Bus Socket.

[   28.178024] [cloud-init[0;32m  OK  [0m[937]: ] ci-info: +-------+-------------+----------+---------------+-----------+-------+Listening on ACPID Listen Socket.

[[0;32m  OK  [0m] Reached target Cloud-config availability.
[[0;32m  OK  [0m] Reached target Network is Online.
[   28.178605] cloud-init[937]: ci-info: |   0   |   0.0.0.0   | 10.0.2.2 |    0.0.0.0    |   enp0s3  |   UG  |
[   28.196416] cloud-init[937]: ci-info: |   1   |   10.0.2.0  | 0.0.0.0  | 255.255.255.0 |   enp0s3  |   U   |
[   28.309874]          cloud-initStarting iSCSI initiator daemon (iscsid)...[937]: 
ci-info: +-------+-------------+----------+---------------+-----------+-------+
[   28.444935] [cloud-init[0;32m  OK  [0m[937]: ] Generating public/private rsa key pair.Started Daily apt download activities.

[[0;32m  OK  [0m] Started Daily apt upgrade and clean activities.
[[0;32m  OK  [0m] Reached target Timers.
[   28.446053] cloud-init[937]: Your identification has been saved in /etc/ssh/ssh_host_rsa_key.
[   28.744903] [cloud-init[937]: [0;32m  OK  [0mYour public key has been saved in /etc/ssh/ssh_host_rsa_key.pub.] 
Listening on Socket activation for snappy daemon.
[[0;32m  OK  [0m] Listening on LXD - unix socket.
[   28.746031] cloud-init[937]: The key fingerprint is:
[   28.928756] [cloud-init[0;32m  OK  [0m[937]: ] SHA256:kPy9d5aK+ht3cee3XhndnOkanwzqjak13pAvnFZRrfI root@ubuntu-xenialStarted iSCSI initiator daemon (iscsid).

[   28.929879] cloud-init[937]: The key's randomart image is:
[   29.084790] cloud-init[937]: +---[RSA 2048]----+
         Starting Login to default iSCSI targets...
[[0;32m  OK  [0m] Reached target Sockets.
[[0;32m  OK  [0m] Reached target Basic System.
[   29.144594] cloud-init[937]: |                .|
[   29.248330] cloud-init[937]: |     . .       ..|
[   29.258767] cloud-init[937]: |      +       .. |
[   29.259134] cloud-init[937]: |       o .  ....=|
         Starting Pollinate to seed the pseudo random number generator...
[   29.259289] cloud-init[937]: |        S .  oo+*|
[   29.342105] cloud-init[937]: |           ...E=+|
[   29.343919] cloud-init[937]: |          +==o=o+|
[   29.345788] cloud-init[937]: |          oXX=* =|
[   29.352165] cloud-init[937]: |        .+BBo=.* |
[[0;32m  OK  [0m[   29.372419] ] cloud-initStarted ACPI event daemon.[937]: 
+----[SHA256]-----+
[   29.394796] cloud-init[937]: Generating public/private dsa key pair.
[   29.394960] cloud-init[937]: Your identification has been saved in /etc/ssh/ssh_host_dsa_key.
         Starting Accounts Service...
[   29.395081] cloud-init[937]: Your public key has been saved in /etc/ssh/ssh_host_dsa_key.pub.
[   29.397847] cloud-init[937]: The key fingerprint is:
[[0;32m  OK  [0m] Started Unattended Upgrades Shutdown.
[   29.397953] cloud-init[937]: SHA256:EpCTgKoC0ME3q3dLRhokI5uO28KJaUIPWKlP8SWPZl0 root@ubuntu-xenial
[   29.404026] cloud-init[937]: The key's randomart image is:
[   29.404203] cloud-init[937]: +---[DSA 1024]----+
[[0;32m  OK  [0m] Started FUSE filesystem for LXC.
[   29.404311] cloud-init[937]: | +oo.o           |
[   29.408403]          cloud-initStarting Login Service...[937]: 
|+ = B.           |
[   29.410960]          cloud-initStarting /etc/rc.local Compatibility...[937]: 
|o+ * +.          |
[   29.484729]          cloud-initStarting LSB: Record successful boot for GRUB...[937]: 
|= + + o.E        |
[   29.556487] [cloud-init[0;32m  OK  [0m[937]: ] |*o + X..S        |Started Regular background program processing daemon.

[   29.557636] cloud-init[937]: |*+o B *.         |
[   29.660764]          cloud-initStarting LXD - container startup/shutdown...[937]: 
|=*++ + .         |
[   29.668651] [cloud-init[0;32m  OK  [0m[937]: ] |*+o.  .          |Started D-Bus System Message Bus.

[   29.678250] cloud-init[937]: |o.               |
[   29.700339] cloud-init[937]: +----[SHA256]-----+
         Starting Apply the settings specified in cloud-config...
[   29.726456] cloud-init[937]: Generating public/private ecdsa key pair.
[   29.754436] cloud-init[937]: Your identification has been saved in /etc/ssh/ssh_host_ecdsa_key.
[[0;32m  OK  [0m] Started Deferred execution scheduler.
[   29.817426] cloud-init[937]: Your public key has been saved in /etc/ssh/ssh_host_ecdsa_key.pub.
         Starting LSB: MD monitoring daemon...
[   29.883241] cloud-init[937]: The key fingerprint is:
         Starting System Logging Service...
[   29.982459] cloud-init[937]: SHA256:kKc5vBuDf8EVoACPMbfK+DhA5UMXFgVwrluplsaEERU root@ubuntu-xenial
         Starting Snappy daemon...
[[0;32m  OK  [0m] Started System Logging Service.
[[0;32m  OK  [0m] Started Pollinate to seed the pseudo random number generator.
[[0;32m  OK  [0m] Started /etc/rc.local Compatibility.
[[0;32m  OK  [0m] Started LXD - container startup/shutdown.
[[0;32m  OK  [0m] Started Snappy daemon.
[   30.048087] cloud-init[937]: The key's randomart image is:
[   30.342977] cloud-init[937]: +---[ECDSA 256]---+
[   30.344859] cloud-init[937]: | .=E=B=...       |
[   30.347873] cloud-init[937]: |  =*=o o  .      |
[   30.358961] cloud-init[937]: | o.oo.+ .  .     |
[   30.364888] cloud-init[937]: |.oo.o..=  .      |
[   30.365077] cloud-init[937]: |o.oo o=.S.       |
[[0;32m  OK  [0m] Started Login to default iSCSI targets.
[   30.365207] cloud-init[937]: |.oo =. oo        |
[   30.372397] cloud-init[937]: |o .B. +  .       |
[   30.374742] cloud-init[937]: | .o  . +.        |
[   30.376798] cloud-init[937]: |      o.         |
[   30.379323] cloud-init[937]: +----[SHA256]-----+
[   30.381568] cloud-init[937]: Generating public/private ed25519 key pair.
[   30.382440] cloud-init[937]: Your identification has been saved in /etc/ssh/ssh_host_ed25519_key.
[   30.384956] cloud-init[937]: Your public key has been saved in /etc/ssh/ssh_host_ed25519_key.pub.
[   30.388580] cloud-init[937]: The key fingerprint is:
[   30.391350] cloud-init[937]: SHA256:iMaDJr9z4YZJoP/lzGW5SLrGGbnNqXSCs7SkoqDkXnE root@ubuntu-xenial
[   30.396956] cloud-init[937]: The key's randomart image is:
[   30.397149] cloud-init[937]: +--[ED25519 256]--+
[[0;32m  OK  [0m] Started LSB: Record successful boot for GRUB.
[   30.397276] cloud-init[937]: |                 |
[   30.404761] cloud-init[937]: |                 |
[   30.407027] cloud-init[937]: |                 |
[   30.409313] cloud-init[937]: |.  o . .         |
[   30.411611] cloud-init[937]: |o.o.=E. S        |
[   30.413646] cloud-init[937]: |.+.o*.   .       |
[   30.415832] cloud-init[937]: |.+**oB+.+        |
[   30.419567] cloud-init[937]: |*+**OX++ .       |
[   30.421579] cloud-init[937]: |Bo+*=o= .        |
[[   30.423574] cloud-init[937]: +----[SHA256]-----+
[0;32m  OK  [0m] Started LSB: MD monitoring daemon.
[   30.429006] cloud-init[1113]: Generating locales (this might take a while)...
[[0;32m  OK  [0m] Started Login Service.
         Starting Authenticate and Authorize Users to Run Privileged Tasks...
[[0;32m  OK  [0m] Reached target Remote File Systems (Pre).
[[0;32m  OK  [0m] Reached target Remote File Systems.
         Starting LSB: Set the CPU Frequency Scaling governor to "ondemand"...
         Starting LSB: daemon to balance interrupts for SMP systems...
         Starting LSB: VirtualBox Linux Additions...
         Starting Permit User Sessions...
         Starting LSB: automatic crash report generation...
         Starting OpenBSD Secure Shell server...
[[0;32m  OK  [0m] Started Permit User Sessions.
[[0;32m  OK  [0m] Started Authenticate and Authorize Users to Run Privileged Tasks.
[[0;32m  OK  [0m] Started Accounts Service.
[[0;32m  OK  [0m] Started OpenBSD Secure Shell server.
[[0;32m  OK  [0m] Started LSB: Set the CPU Frequency Scaling governor to "ondemand".
[[0;32m  OK  [0m] Started LSB: daemon to balance interrupts for SMP systems.
         Starting Terminate Plymouth Boot Screen...
         Starting Hold until boot process finishes up...
[[0;32m  OK  [0m] Started LSB: automatic crash report generation.
[[0;32m  OK  [0m] Started Terminate Plymouth Boot Screen.
[[0;32m  OK  [0m] Started Hold until boot process finishes up.
[[0;32m  OK  [0m] Started LSB: VirtualBox Linux Additions.
[[0;32m  OK  [0m] Started Getty on tty1.
         Starting Set console scheme...
[   30.697794] cloud-init[1113]:   en_US.UTF-8... done
[   30.760494] cloud-init[1113]: Generation complete.
[[0;32m  OK  [0m] Started Serial Getty on ttyS0.
[[0;32m  OK  [0m] Reached target Login Prompts.
[[0;32m  OK  [0m] Reached target Multi-User System.
[[0;32m  OK  [0m] Reached target Graphical Interface.
         Starting Update UTMP about System Runlevel Changes...
[[0;32m  OK  [0m] Started Set console scheme.
[[0;32m  OK  [0m] Started Update UTMP about System Runlevel Changes.
[   30.958239] cloud-init[1113]: Cloud-init v. 17.1 running 'modules:config' at Tue, 27 Feb 2018 15:49:58 +0000. Up 29.92 seconds.
[[0;32m  OK  [0m] Started Apply the settings specified in cloud-config.
         Starting Execute cloud user/final scripts...
ci-info: no authorized ssh keys fingerprints found for user ubuntu.
<14>Feb 27 15:49:59 ec2: 
<14>Feb 27 15:49:59 ec2: #############################################################
<14>Feb 27 15:49:59 ec2: -----BEGIN SSH HOST KEY FINGERPRINTS-----
<14>Feb 27 15:49:59 ec2: 1024 SHA256:EpCTgKoC0ME3q3dLRhokI5uO28KJaUIPWKlP8SWPZl0 root@ubuntu-xenial (DSA)
<14>Feb 27 15:49:59 ec2: 256 SHA256:kKc5vBuDf8EVoACPMbfK+DhA5UMXFgVwrluplsaEERU root@ubuntu-xenial (ECDSA)
<14>Feb 27 15:49:59 ec2: 256 SHA256:iMaDJr9z4YZJoP/lzGW5SLrGGbnNqXSCs7SkoqDkXnE root@ubuntu-xenial (ED25519)
<14>Feb 27 15:49:59 ec2: 2048 SHA256:kPy9d5aK+ht3cee3XhndnOkanwzqjak13pAvnFZRrfI root@ubuntu-xenial (RSA)
<14>Feb 27 15:49:59 ec2: -----END SSH HOST KEY FINGERPRINTS-----
<14>Feb 27 15:49:59 ec2: #############################################################
-----BEGIN SSH HOST KEY KEYS-----
ecdsa-sha2-nistp256 AAAAE2VjZHNhLXNoYTItbmlzdHAyNTYAAAAIbmlzdHAyNTYAAABBBEfR/ky6wjcNIFTSIY3fOFXp30SMyEt+vaFhfmbItHqseWEh2OY44FfsbWXqr2avmju5wt5LJVR6YxcyRPQ2RYE= root@ubuntu-xenial
ssh-ed25519 AAAAC3NzaC1lZDI1NTE5AAAAIF3wfD9JDd9jmG4CmslL9kRaWY54maTaljL7soCNF0yB root@ubuntu-xenial
ssh-rsa AAAAB3NzaC1yc2EAAAADAQABAAABAQDKiFyVAXLh5BoKSfL+yi+N0P5aJB4Jj4Bn351hZH/I5nvj4vJVZlkgVdIuI5hmeqkWVsNoweyggxVfYHJYgXW8pOhoTYTeb4kLnNk9cAmHmpvz8qENWVcM67pBlveOBBLOZhxij22jstfGfLfDeVRRgbBdbUUeltGnK8M9WofQQbqxIoop334VTYCX4pvwTUehp9C6DZsaLx6E8PGkzdmnEVRxn7qnGr66Uv8v4196b+iVcVajD3AZvxGAaN3RJ3y/K+iKdv3SL1dvRj5vvzIREf5AntRnncG5tIlkGHUJ6efMTzIYL+PuW1NyRG22L7OgQUMo2xGe6a8DkdxogzU1 root@ubuntu-xenial
-----END SSH HOST KEY KEYS-----
[   31.412660] cloud-init[1293]: Cloud-init v. 17.1 running 'modules:final' at Tue, 27 Feb 2018 15:49:59 +0000. Up 31.24 seconds.
[   31.417972] cloud-init[1293]: ci-info: no authorized ssh keys fingerprints found for user ubuntu.
[   31.420220] cloud-init[1293]: Cloud-init v. 17.1 finished at Tue, 27 Feb 2018 15:49:59 +0000. Datasource DataSourceNoCloud [seed=/dev/sdb][dsmode=net].  Up 31.40 seconds
[[0;32m  OK  [0m] Started Execute cloud user/final scripts.
[[0;32m  OK  [0m] Reached target Cloud-init target.

Ubuntu 16.04.3 LTS ubuntu-xenial ttyS0

ubuntu-xenial login: 